2024-01-21 13:43:05,197 - aqt.main - INFO - installer 140498184386368 aqtinstall(aqt) v3.1.1 on Python 3.10.8 [CPython GCC 11.3.1 20220421 (Red Hat 11.3.1-3)]
2024-01-21 13:43:05,200 - aqt.helper - DEBUG - helper 140498184386368 Attempt to download checksum at https://download.qt.io/online/qtsdkrepository/linux_x64/desktop/qt5_5152/Updates.xml.sha256
2024-01-21 13:43:07,567 - aqt.helper - DEBUG - helper 140376899147584 Attempt to download checksum at https://download.qt.io/online/qtsdkrepository/linux_x64/desktop/qt5_5152/qt.qt5.5152.debug_info.gcc_64/5.15.2-0-202011130601qtbase-Linux-RHEL_7_6-GCC-Linux-RHEL_7_6-X86_64-debug-symbols.7z.sha256
2024-01-21 13:43:07,593 - aqt.helper - DEBUG - helper 140318190098240 Attempt to download checksum at https://download.qt.io/online/qtsdkrepository/linux_x64/desktop/qt5_5152/qt.qt5.5152.debug_info.gcc_64/5.15.2-0-202011130601qtgraphicaleffects-Linux-RHEL_7_6-GCC-Linux-RHEL_7_6-X86_64-debug-symbols.7z.sha256
2024-01-21 13:43:07,746 - aqt.helper - DEBUG - helper 139647753144128 Attempt to download checksum at https://download.qt.io/online/qtsdkrepository/linux_x64/desktop/qt5_5152/qt.qt5.5152.debug_info.gcc_64/5.15.2-0-202011130601qttools-Linux-RHEL_7_6-GCC-Linux-RHEL_7_6-X86_64-debug-symbols.7z.sha256
2024-01-21 13:43:07,754 - aqt.helper - DEBUG - helper 140451413837632 Attempt to download checksum at https://download.qt.io/online/qtsdkrepository/linux_x64/desktop/qt5_5152/qt.qt5.5152.debug_info.gcc_64/5.15.2-0-202011130601qtquickcontrols-Linux-RHEL_7_6-GCC-Linux-RHEL_7_6-X86_64-debug-symbols.7z.sha256
2024-01-21 13:43:08,275 - aqt.helper - INFO - helper 140318190098240 Downloading qtgraphicaleffects...
2024-01-21 13:43:08,275 - aqt.helper - INFO - helper 140376899147584 Downloading qtbase...
2024-01-21 13:43:08,276 - aqt.installer - DEBUG - installer 140318190098240 Download URL: https://qt-mirror.dannhauer.de/online/qtsdkrepository/linux_x64/desktop/qt5_5152/qt.qt5.5152.debug_info.gcc_64/5.15.2-0-202011130601qtgraphicaleffects-Linux-RHEL_7_6-GCC-Linux-RHEL_7_6-X86_64-debug-symbols.7z
2024-01-21 13:43:08,276 - aqt.installer - DEBUG - installer 140376899147584 Download URL: https://qt-mirror.dannhauer.de/online/qtsdkrepository/linux_x64/desktop/qt5_5152/qt.qt5.5152.debug_info.gcc_64/5.15.2-0-202011130601qtbase-Linux-RHEL_7_6-GCC-Linux-RHEL_7_6-X86_64-debug-symbols.7z
2024-01-21 13:43:08,481 - aqt.helper - INFO - helper 139647753144128 Downloading qttools...
2024-01-21 13:43:08,483 - aqt.installer - DEBUG - installer 139647753144128 Download URL: https://qt-mirror.dannhauer.de/online/qtsdkrepository/linux_x64/desktop/qt5_5152/qt.qt5.5152.debug_info.gcc_64/5.15.2-0-202011130601qttools-Linux-RHEL_7_6-GCC-Linux-RHEL_7_6-X86_64-debug-symbols.7z
2024-01-21 13:43:08,488 - aqt.helper - INFO - helper 140451413837632 Downloading qtquickcontrols...
2024-01-21 13:43:08,490 - aqt.installer - DEBUG - installer 140451413837632 Download URL: https://qt-mirror.dannhauer.de/online/qtsdkrepository/linux_x64/desktop/qt5_5152/qt.qt5.5152.debug_info.gcc_64/5.15.2-0-202011130601qtquickcontrols-Linux-RHEL_7_6-GCC-Linux-RHEL_7_6-X86_64-debug-symbols.7z
2024-01-21 13:43:09,929 - aqt.installer - INFO - installer 140318190098240 Finished installation of qtgraphicaleffects-Linux-RHEL_7_6-GCC-Linux-RHEL_7_6-X86_64-debug-symbols.7z in 2.34221267
2024-01-21 13:43:09,998 - aqt.helper - DEBUG - helper 140318190098240 Attempt to download checksum at https://download.qt.io/online/qtsdkrepository/linux_x64/desktop/qt5_5152/qt.qt5.5152.debug_info.gcc_64/5.15.2-0-202011130601qtsvg-Linux-RHEL_7_6-GCC-Linux-RHEL_7_6-X86_64-debug-symbols.7z.sha256
2024-01-21 13:43:10,729 - aqt.helper - INFO - helper 140318190098240 Downloading qtsvg...
2024-01-21 13:43:10,731 - aqt.installer - DEBUG - installer 140318190098240 Download URL: https://qt-mirror.dannhauer.de/online/qtsdkrepository/linux_x64/desktop/qt5_5152/qt.qt5.5152.debug_info.gcc_64/5.15.2-0-202011130601qtsvg-Linux-RHEL_7_6-GCC-Linux-RHEL_7_6-X86_64-debug-symbols.7z
2024-01-21 13:43:12,755 - aqt.installer - INFO - installer 140451413837632 Finished installation of qtquickcontrols-Linux-RHEL_7_6-GCC-Linux-RHEL_7_6-X86_64-debug-symbols.7z in 5.00682368
2024-01-21 13:43:12,790 - aqt.helper - DEBUG - helper 140451413837632 Attempt to download checksum at https://download.qt.io/online/qtsdkrepository/linux_x64/desktop/qt5_5152/qt.qt5.5152.debug_info.gcc_64/5.15.2-0-202011130601qtquickcontrols2-Linux-RHEL_7_6-GCC-Linux-RHEL_7_6-X86_64-debug-symbols.7z.sha256
2024-01-21 13:43:13,123 - aqt.installer - INFO - installer 140318190098240 Finished installation of qtsvg-Linux-RHEL_7_6-GCC-Linux-RHEL_7_6-X86_64-debug-symbols.7z in 3.13011156
2024-01-21 13:43:13,185 - aqt.helper - DEBUG - helper 140318190098240 Attempt to download checksum at https://download.qt.io/online/qtsdkrepository/linux_x64/desktop/qt5_5152/qt.qt5.5152.debug_info.gcc_64/5.15.2-0-202011130601qtdeclarative-Linux-RHEL_7_6-GCC-Linux-RHEL_7_6-X86_64-debug-symbols.7z.sha256
2024-01-21 13:43:13,478 - aqt.helper - INFO - helper 140451413837632 Downloading qtquickcontrols2...
2024-01-21 13:43:13,479 - aqt.installer - DEBUG - installer 140451413837632 Download URL: https://qt-mirror.dannhauer.de/online/qtsdkrepository/linux_x64/desktop/qt5_5152/qt.qt5.5152.debug_info.gcc_64/5.15.2-0-202011130601qtquickcontrols2-Linux-RHEL_7_6-GCC-Linux-RHEL_7_6-X86_64-debug-symbols.7z
2024-01-21 13:43:13,928 - aqt.helper - INFO - helper 140318190098240 Downloading qtdeclarative...
2024-01-21 13:43:13,930 - aqt.installer - DEBUG - installer 140318190098240 Download URL: https://qt-mirror.dannhauer.de/online/qtsdkrepository/linux_x64/desktop/qt5_5152/qt.qt5.5152.debug_info.gcc_64/5.15.2-0-202011130601qtdeclarative-Linux-RHEL_7_6-GCC-Linux-RHEL_7_6-X86_64-debug-symbols.7z
2024-01-21 13:43:22,685 - aqt.installer - INFO - installer 140451413837632 Finished installation of qtquickcontrols2-Linux-RHEL_7_6-GCC-Linux-RHEL_7_6-X86_64-debug-symbols.7z in 9.89933442
2024-01-21 13:43:22,711 - aqt.helper - DEBUG - helper 140451413837632 Attempt to download checksum at https://download.qt.io/online/qtsdkrepository/linux_x64/desktop/qt5_5152/qt.qt5.5152.debug_info.gcc_64/5.15.2-0-202011130601qt3d-Linux-RHEL_7_6-GCC-Linux-RHEL_7_6-X86_64-debug-symbols.7z.sha256
2024-01-21 13:43:23,376 - aqt.helper - INFO - helper 140451413837632 Downloading qt3d...
2024-01-21 13:43:23,376 - aqt.installer - DEBUG - installer 140451413837632 Download URL: https://qt-mirror.dannhauer.de/online/qtsdkrepository/linux_x64/desktop/qt5_5152/qt.qt5.5152.debug_info.gcc_64/5.15.2-0-202011130601qt3d-Linux-RHEL_7_6-GCC-Linux-RHEL_7_6-X86_64-debug-symbols.7z
2024-01-21 13:43:37,550 - aqt.installer - INFO - installer 139647753144128 Finished installation of qttools-Linux-RHEL_7_6-GCC-Linux-RHEL_7_6-X86_64-debug-symbols.7z in 29.80969796
2024-01-21 13:43:37,596 - aqt.helper - DEBUG - helper 139647753144128 Attempt to download checksum at https://download.qt.io/online/qtsdkrepository/linux_x64/desktop/qt5_5152/qt.qt5.5152.debug_info.gcc_64/5.15.2-0-202011130601qtxmlpatterns-Linux-RHEL_7_6-GCC-Linux-RHEL_7_6-X86_64-debug-symbols.7z.sha256
2024-01-21 13:43:38,343 - aqt.helper - INFO - helper 139647753144128 Downloading qtxmlpatterns...
2024-01-21 13:43:38,344 - aqt.installer - DEBUG - installer 139647753144128 Download URL: https://qt-mirror.dannhauer.de/online/qtsdkrepository/linux_x64/desktop/qt5_5152/qt.qt5.5152.debug_info.gcc_64/5.15.2-0-202011130601qtxmlpatterns-Linux-RHEL_7_6-GCC-Linux-RHEL_7_6-X86_64-debug-symbols.7z
2024-01-21 13:43:46,663 - aqt.installer - INFO - installer 139647753144128 Finished installation of qtxmlpatterns-Linux-RHEL_7_6-GCC-Linux-RHEL_7_6-X86_64-debug-symbols.7z in 9.07314714
2024-01-21 13:43:46,692 - aqt.helper - DEBUG - helper 139647753144128 Attempt to download checksum at https://download.qt.io/online/qtsdkrepository/linux_x64/desktop/qt5_5152/qt.qt5.5152.debug_info.gcc_64/5.15.2-0-202011130601qtsensors-Linux-RHEL_7_6-GCC-Linux-RHEL_7_6-X86_64-debug-symbols.7z.sha256
2024-01-21 13:43:47,365 - aqt.helper - INFO - helper 139647753144128 Downloading qtsensors...
2024-01-21 13:43:47,365 - aqt.installer - DEBUG - installer 139647753144128 Download URL: https://qt-mirror.dannhauer.de/online/qtsdkrepository/linux_x64/desktop/qt5_5152/qt.qt5.5152.debug_info.gcc_64/5.15.2-0-202011130601qtsensors-Linux-RHEL_7_6-GCC-Linux-RHEL_7_6-X86_64-debug-symbols.7z
2024-01-21 13:43:50,049 - aqt.installer - INFO - installer 139647753144128 Finished installation of qtsensors-Linux-RHEL_7_6-GCC-Linux-RHEL_7_6-X86_64-debug-symbols.7z in 3.36240685
2024-01-21 13:43:50,078 - aqt.helper - DEBUG - helper 139647753144128 Attempt to download checksum at https://download.qt.io/online/qtsdkrepository/linux_x64/desktop/qt5_5152/qt.qt5.5152.debug_info.gcc_64/5.15.2-0-202011130601qtserialport-Linux-RHEL_7_6-GCC-Linux-RHEL_7_6-X86_64-debug-symbols.7z.sha256
2024-01-21 13:43:50,823 - aqt.helper - INFO - helper 139647753144128 Downloading qtserialport...
2024-01-21 13:43:50,825 - aqt.installer - DEBUG - installer 139647753144128 Download URL: https://qt-mirror.dannhauer.de/online/qtsdkrepository/linux_x64/desktop/qt5_5152/qt.qt5.5152.debug_info.gcc_64/5.15.2-0-202011130601qtserialport-Linux-RHEL_7_6-GCC-Linux-RHEL_7_6-X86_64-debug-symbols.7z
2024-01-21 13:43:50,935 - aqt.installer - INFO - installer 140451413837632 Finished installation of qt3d-Linux-RHEL_7_6-GCC-Linux-RHEL_7_6-X86_64-debug-symbols.7z in 28.22839232
2024-01-21 13:43:50,963 - aqt.helper - DEBUG - helper 140451413837632 Attempt to download checksum at https://download.qt.io/online/qtsdkrepository/linux_x64/desktop/qt5_5152/qt.qt5.5152.debug_info.gcc_64/5.15.2-0-202011130601qtwebview-Linux-RHEL_7_6-GCC-Linux-RHEL_7_6-X86_64-debug-symbols.7z.sha256
2024-01-21 13:43:51,641 - aqt.helper - INFO - helper 140451413837632 Downloading qtwebview...
2024-01-21 13:43:51,641 - aqt.installer - DEBUG - installer 140451413837632 Download URL: https://qt-mirror.dannhauer.de/online/qtsdkrepository/linux_x64/desktop/qt5_5152/qt.qt5.5152.debug_info.gcc_64/5.15.2-0-202011130601qtwebview-Linux-RHEL_7_6-GCC-Linux-RHEL_7_6-X86_64-debug-symbols.7z
2024-01-21 13:43:52,148 - aqt.installer - INFO - installer 139647753144128 Finished installation of qtserialport-Linux-RHEL_7_6-GCC-Linux-RHEL_7_6-X86_64-debug-symbols.7z in 2.07436446
2024-01-21 13:43:52,216 - aqt.helper - DEBUG - helper 139647753144128 Attempt to download checksum at https://download.qt.io/online/qtsdkrepository/linux_x64/desktop/qt5_5152/qt.qt5.5152.debug_info.gcc_64/5.15.2-0-202011130601qtlocation-Linux-RHEL_7_6-GCC-Linux-RHEL_7_6-X86_64-debug-symbols.7z.sha256
2024-01-21 13:43:52,965 - aqt.helper - INFO - helper 139647753144128 Downloading qtlocation...
2024-01-21 13:43:52,966 - aqt.installer - DEBUG - installer 139647753144128 Download URL: https://qt-mirror.dannhauer.de/online/qtsdkrepository/linux_x64/desktop/qt5_5152/qt.qt5.5152.debug_info.gcc_64/5.15.2-0-202011130601qtlocation-Linux-RHEL_7_6-GCC-Linux-RHEL_7_6-X86_64-debug-symbols.7z
2024-01-21 13:43:53,467 - aqt.installer - INFO - installer 140451413837632 Finished installation of qtwebview-Linux-RHEL_7_6-GCC-Linux-RHEL_7_6-X86_64-debug-symbols.7z in 2.50802844
2024-01-21 13:43:53,495 - aqt.helper - DEBUG - helper 140451413837632 Attempt to download checksum at https://download.qt.io/online/qtsdkrepository/linux_x64/desktop/qt5_5152/qt.qt5.5152.debug_info.gcc_64/5.15.2-0-202011130601qtserialbus-Linux-RHEL_7_6-GCC-Linux-RHEL_7_6-X86_64-debug-symbols.7z.sha256
2024-01-21 13:43:54,239 - aqt.helper - INFO - helper 140451413837632 Downloading qtserialbus...
2024-01-21 13:43:54,240 - aqt.installer - DEBUG - installer 140451413837632 Download URL: https://qt-mirror.dannhauer.de/online/qtsdkrepository/linux_x64/desktop/qt5_5152/qt.qt5.5152.debug_info.gcc_64/5.15.2-0-202011130601qtserialbus-Linux-RHEL_7_6-GCC-Linux-RHEL_7_6-X86_64-debug-symbols.7z
2024-01-21 13:44:01,637 - aqt.installer - INFO - installer 140376899147584 Finished installation of qtbase-Linux-RHEL_7_6-GCC-Linux-RHEL_7_6-X86_64-debug-symbols.7z in 54.07537481
2024-01-21 13:44:01,669 - aqt.helper - DEBUG - helper 140376899147584 Attempt to download checksum at https://download.qt.io/online/qtsdkrepository/linux_x64/desktop/qt5_5152/qt.qt5.5152.debug_info.gcc_64/5.15.2-0-202011130601qtconnectivity-Linux-RHEL_7_6-GCC-Linux-RHEL_7_6-X86_64-debug-symbols.7z.sha256
2024-01-21 13:44:02,360 - aqt.helper - INFO - helper 140376899147584 Downloading qtconnectivity...
2024-01-21 13:44:02,361 - aqt.installer - DEBUG - installer 140376899147584 Download URL: https://qt-mirror.dannhauer.de/online/qtsdkrepository/linux_x64/desktop/qt5_5152/qt.qt5.5152.debug_info.gcc_64/5.15.2-0-202011130601qtconnectivity-Linux-RHEL_7_6-GCC-Linux-RHEL_7_6-X86_64-debug-symbols.7z
2024-01-21 13:44:03,802 - aqt.installer - INFO - installer 140451413837632 Finished installation of qtserialbus-Linux-RHEL_7_6-GCC-Linux-RHEL_7_6-X86_64-debug-symbols.7z in 10.31198126
2024-01-21 13:44:03,842 - aqt.helper - DEBUG - helper 140451413837632 Attempt to download checksum at https://download.qt.io/online/qtsdkrepository/linux_x64/desktop/qt5_5152/qt.qt5.5152.debug_info.gcc_64/5.15.2-0-202011130601qtscxml-Linux-RHEL_7_6-GCC-Linux-RHEL_7_6-X86_64-debug-symbols.7z.sha256
2024-01-21 13:44:04,577 - aqt.helper - INFO - helper 140451413837632 Downloading qtscxml...
2024-01-21 13:44:04,578 - aqt.installer - DEBUG - installer 140451413837632 Download URL: https://qt-mirror.dannhauer.de/online/qtsdkrepository/linux_x64/desktop/qt5_5152/qt.qt5.5152.debug_info.gcc_64/5.15.2-0-202011130601qtscxml-Linux-RHEL_7_6-GCC-Linux-RHEL_7_6-X86_64-debug-symbols.7z
2024-01-21 13:44:07,419 - aqt.installer - INFO - installer 140376899147584 Finished installation of qtconnectivity-Linux-RHEL_7_6-GCC-Linux-RHEL_7_6-X86_64-debug-symbols.7z in 5.75465061
2024-01-21 13:44:07,434 - aqt.installer - INFO - installer 140451413837632 Finished installation of qtscxml-Linux-RHEL_7_6-GCC-Linux-RHEL_7_6-X86_64-debug-symbols.7z in 3.59635216
2024-01-21 13:44:07,448 - aqt.helper - DEBUG - helper 140376899147584 Attempt to download checksum at https://download.qt.io/online/qtsdkrepository/linux_x64/desktop/qt5_5152/qt.qt5.5152.debug_info.gcc_64/5.15.2-0-202011130601qtx11extras-Linux-RHEL_7_6-GCC-Linux-RHEL_7_6-X86_64-debug-symbols.7z.sha256
2024-01-21 13:44:07,461 - aqt.helper - DEBUG - helper 140451413837632 Attempt to download checksum at https://download.qt.io/online/qtsdkrepository/linux_x64/desktop/qt5_5152/qt.qt5.5152.debug_info.gcc_64/5.15.2-0-202011130601qtgamepad-Linux-RHEL_7_6-GCC-Linux-RHEL_7_6-X86_64-debug-symbols.7z.sha256
2024-01-21 13:44:08,189 - aqt.helper - INFO - helper 140376899147584 Downloading qtx11extras...
2024-01-21 13:44:08,189 - aqt.helper - INFO - helper 140451413837632 Downloading qtgamepad...
2024-01-21 13:44:08,191 - aqt.installer - DEBUG - installer 140376899147584 Download URL: https://qt-mirror.dannhauer.de/online/qtsdkrepository/linux_x64/desktop/qt5_5152/qt.qt5.5152.debug_info.gcc_64/5.15.2-0-202011130601qtx11extras-Linux-RHEL_7_6-GCC-Linux-RHEL_7_6-X86_64-debug-symbols.7z
2024-01-21 13:44:08,191 - aqt.installer - DEBUG - installer 140451413837632 Download URL: https://qt-mirror.dannhauer.de/online/qtsdkrepository/linux_x64/desktop/qt5_5152/qt.qt5.5152.debug_info.gcc_64/5.15.2-0-202011130601qtgamepad-Linux-RHEL_7_6-GCC-Linux-RHEL_7_6-X86_64-debug-symbols.7z
2024-01-21 13:44:09,343 - aqt.installer - INFO - installer 140376899147584 Finished installation of qtx11extras-Linux-RHEL_7_6-GCC-Linux-RHEL_7_6-X86_64-debug-symbols.7z in 1.89961884
2024-01-21 13:44:09,404 - aqt.helper - DEBUG - helper 140376899147584 Attempt to download checksum at https://download.qt.io/online/qtsdkrepository/linux_x64/desktop/qt5_5152/qt.qt5.5152.debug_info.gcc_64/5.15.2-0-202011130601qtwebchannel-Linux-RHEL_7_6-GCC-Linux-RHEL_7_6-X86_64-debug-symbols.7z.sha256
2024-01-21 13:44:09,960 - aqt.installer - INFO - installer 140451413837632 Finished installation of qtgamepad-Linux-RHEL_7_6-GCC-Linux-RHEL_7_6-X86_64-debug-symbols.7z in 2.50283888
2024-01-21 13:44:09,987 - aqt.helper - DEBUG - helper 140451413837632 Attempt to download checksum at https://download.qt.io/online/qtsdkrepository/linux_x64/desktop/qt5_5152/qt.qt5.5152.debug_info.gcc_64/5.15.2-0-202011130601qtspeech-Linux-RHEL_7_6-GCC-Linux-RHEL_7_6-X86_64-debug-symbols.7z.sha256
2024-01-21 13:44:10,083 - aqt.helper - INFO - helper 140376899147584 Downloading qtwebchannel...
2024-01-21 13:44:10,084 - aqt.installer - DEBUG - installer 140376899147584 Download URL: https://qt-mirror.dannhauer.de/online/qtsdkrepository/linux_x64/desktop/qt5_5152/qt.qt5.5152.debug_info.gcc_64/5.15.2-0-202011130601qtwebchannel-Linux-RHEL_7_6-GCC-Linux-RHEL_7_6-X86_64-debug-symbols.7z
2024-01-21 13:44:10,649 - aqt.helper - INFO - helper 140451413837632 Downloading qtspeech...
2024-01-21 13:44:10,651 - aqt.installer - DEBUG - installer 140451413837632 Download URL: https://qt-mirror.dannhauer.de/online/qtsdkrepository/linux_x64/desktop/qt5_5152/qt.qt5.5152.debug_info.gcc_64/5.15.2-0-202011130601qtspeech-Linux-RHEL_7_6-GCC-Linux-RHEL_7_6-X86_64-debug-symbols.7z
2024-01-21 13:44:11,115 - aqt.installer - INFO - installer 140318190098240 Finished installation of qtdeclarative-Linux-RHEL_7_6-GCC-Linux-RHEL_7_6-X86_64-debug-symbols.7z in 57.93682299
2024-01-21 13:44:11,147 - aqt.helper - DEBUG - helper 140318190098240 Attempt to download checksum at https://download.qt.io/online/qtsdkrepository/linux_x64/desktop/qt5_5152/qt.qt5.5152.debug_info.gcc_64/5.15.2-0-202011130601qtwebsockets-Linux-RHEL_7_6-GCC-Linux-RHEL_7_6-X86_64-debug-symbols.7z.sha256
2024-01-21 13:44:11,821 - aqt.helper - INFO - helper 140318190098240 Downloading qtwebsockets...
2024-01-21 13:44:11,823 - aqt.installer - DEBUG - installer 140318190098240 Download URL: https://qt-mirror.dannhauer.de/online/qtsdkrepository/linux_x64/desktop/qt5_5152/qt.qt5.5152.debug_info.gcc_64/5.15.2-0-202011130601qtwebsockets-Linux-RHEL_7_6-GCC-Linux-RHEL_7_6-X86_64-debug-symbols.7z
2024-01-21 13:44:11,830 - aqt.installer - INFO - installer 140376899147584 Finished installation of qtwebchannel-Linux-RHEL_7_6-GCC-Linux-RHEL_7_6-X86_64-debug-symbols.7z in 2.43135163
2024-01-21 13:44:11,858 - aqt.helper - DEBUG - helper 140376899147584 Attempt to download checksum at https://download.qt.io/online/qtsdkrepository/linux_x64/desktop/qt5_5152/qt.qt5.5152.debug_info.gcc_64/5.15.2-0-202011130601qtmultimedia-Linux-RHEL_7_6-GCC-Linux-RHEL_7_6-X86_64-debug-symbols.7z.sha256
2024-01-21 13:44:12,185 - aqt.installer - INFO - installer 140451413837632 Finished installation of qtspeech-Linux-RHEL_7_6-GCC-Linux-RHEL_7_6-X86_64-debug-symbols.7z in 2.20211383
2024-01-21 13:44:12,213 - aqt.helper - DEBUG - helper 140451413837632 Attempt to download checksum at https://download.qt.io/online/qtsdkrepository/linux_x64/desktop/qt5_5152/qt.qt5.5152.debug_info.gcc_64/5.15.2-0-202011130601qtwayland-Linux-RHEL_7_6-GCC-Linux-RHEL_7_6-X86_64-debug-symbols.7z.sha256
2024-01-21 13:44:12,522 - aqt.helper - INFO - helper 140376899147584 Downloading qtmultimedia...
2024-01-21 13:44:12,524 - aqt.installer - DEBUG - installer 140376899147584 Download URL: https://qt-mirror.dannhauer.de/online/qtsdkrepository/linux_x64/desktop/qt5_5152/qt.qt5.5152.debug_info.gcc_64/5.15.2-0-202011130601qtmultimedia-Linux-RHEL_7_6-GCC-Linux-RHEL_7_6-X86_64-debug-symbols.7z
2024-01-21 13:44:12,891 - aqt.helper - INFO - helper 140451413837632 Downloading qtwayland...
2024-01-21 13:44:12,892 - aqt.installer - DEBUG - installer 140451413837632 Download URL: https://qt-mirror.dannhauer.de/online/qtsdkrepository/linux_x64/desktop/qt5_5152/qt.qt5.5152.debug_info.gcc_64/5.15.2-0-202011130601qtwayland-Linux-RHEL_7_6-GCC-Linux-RHEL_7_6-X86_64-debug-symbols.7z
2024-01-21 13:44:14,027 - aqt.installer - INFO - installer 140318190098240 Finished installation of qtwebsockets-Linux-RHEL_7_6-GCC-Linux-RHEL_7_6-X86_64-debug-symbols.7z in 2.88456566
2024-01-21 13:44:14,055 - aqt.helper - DEBUG - helper 140318190098240 Attempt to download checksum at https://download.qt.io/online/qtsdkrepository/linux_x64/desktop/qt5_5152/qt.qt5.5152.debug_info.gcc_64/5.15.2-0-202011130601qtimageformats-Linux-RHEL_7_6-GCC-Linux-RHEL_7_6-X86_64-debug-symbols.7z.sha256
2024-01-21 13:44:14,394 - aqt.installer - INFO - installer 139647753144128 Finished installation of qtlocation-Linux-RHEL_7_6-GCC-Linux-RHEL_7_6-X86_64-debug-symbols.7z in 22.18347600
2024-01-21 13:44:14,424 - aqt.helper - DEBUG - helper 139647753144128 Attempt to download checksum at https://download.qt.io/online/qtsdkrepository/linux_x64/desktop/qt5_5152/qt.qt5.5152.debug_info.gcc_64/5.15.2-0-202011130601qtdatavis3d-Linux-RHEL_7_6-GCC-Linux-RHEL_7_6-X86_64-debug-symbols.7z.sha256
2024-01-21 13:44:14,745 - aqt.helper - INFO - helper 140318190098240 Downloading qtimageformats...
2024-01-21 13:44:14,747 - aqt.installer - DEBUG - installer 140318190098240 Download URL: https://qt-mirror.dannhauer.de/online/qtsdkrepository/linux_x64/desktop/qt5_5152/qt.qt5.5152.debug_info.gcc_64/5.15.2-0-202011130601qtimageformats-Linux-RHEL_7_6-GCC-Linux-RHEL_7_6-X86_64-debug-symbols.7z
2024-01-21 13:44:15,131 - aqt.helper - INFO - helper 139647753144128 Downloading qtdatavis3d...
2024-01-21 13:44:15,132 - aqt.installer - DEBUG - installer 139647753144128 Download URL: https://qt-mirror.dannhauer.de/online/qtsdkrepository/linux_x64/desktop/qt5_5152/qt.qt5.5152.debug_info.gcc_64/5.15.2-0-202011130601qtdatavis3d-Linux-RHEL_7_6-GCC-Linux-RHEL_7_6-X86_64-debug-symbols.7z
2024-01-21 13:44:16,856 - aqt.installer - INFO - installer 140318190098240 Finished installation of qtimageformats-Linux-RHEL_7_6-GCC-Linux-RHEL_7_6-X86_64-debug-symbols.7z in 2.80552859
2024-01-21 13:44:16,884 - aqt.helper - DEBUG - helper 140318190098240 Attempt to download checksum at https://download.qt.io/online/qtsdkrepository/linux_x64/desktop/qt5_5152/qt.qt5.5152.debug_info.gcc_64/5.15.2-0-202011130601qtscript-Linux-RHEL_7_6-GCC-Linux-RHEL_7_6-X86_64-debug-symbols.7z.sha256
2024-01-21 13:44:17,646 - aqt.helper - INFO - helper 140318190098240 Downloading qtscript...
2024-01-21 13:44:17,648 - aqt.installer - DEBUG - installer 140318190098240 Download URL: https://qt-mirror.dannhauer.de/online/qtsdkrepository/linux_x64/desktop/qt5_5152/qt.qt5.5152.debug_info.gcc_64/5.15.2-0-202011130601qtscript-Linux-RHEL_7_6-GCC-Linux-RHEL_7_6-X86_64-debug-symbols.7z
2024-01-21 13:44:19,386 - aqt.installer - INFO - installer 140376899147584 Finished installation of qtmultimedia-Linux-RHEL_7_6-GCC-Linux-RHEL_7_6-X86_64-debug-symbols.7z in 7.53291537
2024-01-21 13:44:19,416 - aqt.helper - DEBUG - helper 140376899147584 Attempt to download checksum at https://download.qt.io/online/qtsdkrepository/linux_x64/desktop/qt5_5152/qt.qt5.5152.debug_info.gcc_64/5.15.2-0-202011130601qtquicktimeline-Linux-RHEL_7_6-GCC-Linux-RHEL_7_6-X86_64-debug-symbols.7z.sha256
2024-01-21 13:44:20,077 - aqt.installer - INFO - installer 139647753144128 Finished installation of qtdatavis3d-Linux-RHEL_7_6-GCC-Linux-RHEL_7_6-X86_64-debug-symbols.7z in 5.65743691
2024-01-21 13:44:20,105 - aqt.helper - DEBUG - helper 139647753144128 Attempt to download checksum at https://download.qt.io/online/qtsdkrepository/linux_x64/desktop/qt5_5152/qt.qt5.5152.debug_info.gcc_64/5.15.2-0-202011130601qtpurchasing-Linux-RHEL_7_6-GCC-Linux-RHEL_7_6-X86_64-debug-symbols.7z.sha256
2024-01-21 13:44:20,166 - aqt.helper - INFO - helper 140376899147584 Downloading qtquicktimeline...
2024-01-21 13:44:20,167 - aqt.installer - DEBUG - installer 140376899147584 Download URL: https://qt-mirror.dannhauer.de/online/qtsdkrepository/linux_x64/desktop/qt5_5152/qt.qt5.5152.debug_info.gcc_64/5.15.2-0-202011130601qtquicktimeline-Linux-RHEL_7_6-GCC-Linux-RHEL_7_6-X86_64-debug-symbols.7z
2024-01-21 13:44:20,781 - aqt.helper - INFO - helper 139647753144128 Downloading qtpurchasing...
2024-01-21 13:44:20,782 - aqt.installer - DEBUG - installer 139647753144128 Download URL: https://qt-mirror.dannhauer.de/online/qtsdkrepository/linux_x64/desktop/qt5_5152/qt.qt5.5152.debug_info.gcc_64/5.15.2-0-202011130601qtpurchasing-Linux-RHEL_7_6-GCC-Linux-RHEL_7_6-X86_64-debug-symbols.7z
2024-01-21 13:44:21,677 - aqt.installer - INFO - installer 140376899147584 Finished installation of qtquicktimeline-Linux-RHEL_7_6-GCC-Linux-RHEL_7_6-X86_64-debug-symbols.7z in 2.26524437
2024-01-21 13:44:21,705 - aqt.helper - DEBUG - helper 140376899147584 Attempt to download checksum at https://download.qt.io/online/qtsdkrepository/linux_x64/desktop/qt5_5152/qt.qt5.5152.gcc_64/5.15.2-0-202011130601qtbase-Linux-RHEL_7_6-GCC-Linux-RHEL_7_6-X86_64.7z.sha256
2024-01-21 13:44:22,387 - aqt.helper - INFO - helper 140376899147584 Downloading qtbase...
2024-01-21 13:44:22,389 - aqt.installer - DEBUG - installer 140376899147584 Download URL: https://qt-mirror.dannhauer.de/online/qtsdkrepository/linux_x64/desktop/qt5_5152/qt.qt5.5152.gcc_64/5.15.2-0-202011130601qtbase-Linux-RHEL_7_6-GCC-Linux-RHEL_7_6-X86_64.7z
2024-01-21 13:44:22,496 - aqt.installer - INFO - installer 139647753144128 Finished installation of qtpurchasing-Linux-RHEL_7_6-GCC-Linux-RHEL_7_6-X86_64-debug-symbols.7z in 2.39698344
2024-01-21 13:44:22,523 - aqt.helper - DEBUG - helper 139647753144128 Attempt to download checksum at https://download.qt.io/online/qtsdkrepository/linux_x64/desktop/qt5_5152/qt.qt5.5152.debug_info.gcc_64/5.15.2-0-202011130601qtvirtualkeyboard-Linux-RHEL_7_6-GCC-Linux-RHEL_7_6-X86_64-debug-symbols.7z.sha256
2024-01-21 13:44:23,268 - aqt.helper - INFO - helper 139647753144128 Downloading qtvirtualkeyboard...
2024-01-21 13:44:23,270 - aqt.installer - DEBUG - installer 139647753144128 Download URL: https://qt-mirror.dannhauer.de/online/qtsdkrepository/linux_x64/desktop/qt5_5152/qt.qt5.5152.debug_info.gcc_64/5.15.2-0-202011130601qtvirtualkeyboard-Linux-RHEL_7_6-GCC-Linux-RHEL_7_6-X86_64-debug-symbols.7z
2024-01-21 13:44:24,348 - aqt.installer - INFO - installer 140318190098240 Finished installation of qtscript-Linux-RHEL_7_6-GCC-Linux-RHEL_7_6-X86_64-debug-symbols.7z in 7.46701972
2024-01-21 13:44:24,376 - aqt.helper - DEBUG - helper 140318190098240 Attempt to download checksum at https://download.qt.io/online/qtsdkrepository/linux_x64/desktop/qt5_5152/qt.qt5.5152.debug_info.gcc_64/5.15.2-0-202011130601qtnetworkauth-Linux-RHEL_7_6-GCC-Linux-RHEL_7_6-X86_64-debug-symbols.7z.sha256
2024-01-21 13:44:25,105 - aqt.helper - INFO - helper 140318190098240 Downloading qtnetworkauth...
2024-01-21 13:44:25,106 - aqt.installer - DEBUG - installer 140318190098240 Download URL: https://qt-mirror.dannhauer.de/online/qtsdkrepository/linux_x64/desktop/qt5_5152/qt.qt5.5152.debug_info.gcc_64/5.15.2-0-202011130601qtnetworkauth-Linux-RHEL_7_6-GCC-Linux-RHEL_7_6-X86_64-debug-symbols.7z
2024-01-21 13:44:26,988 - aqt.installer - INFO - installer 140318190098240 Finished installation of qtnetworkauth-Linux-RHEL_7_6-GCC-Linux-RHEL_7_6-X86_64-debug-symbols.7z in 2.61673916
2024-01-21 13:44:27,016 - aqt.helper - DEBUG - helper 140318190098240 Attempt to download checksum at https://download.qt.io/online/qtsdkrepository/linux_x64/desktop/qt5_5152/qt.qt5.5152.debug_info.gcc_64/5.15.2-0-202011130601qtwebglplugin-Linux-RHEL_7_6-GCC-Linux-RHEL_7_6-X86_64-debug-symbols.7z.sha256
2024-01-21 13:44:27,099 - aqt.installer - INFO - installer 139647753144128 Finished installation of qtvirtualkeyboard-Linux-RHEL_7_6-GCC-Linux-RHEL_7_6-X86_64-debug-symbols.7z in 4.58000555
2024-01-21 13:44:27,127 - aqt.helper - DEBUG - helper 139647753144128 Attempt to download checksum at https://download.qt.io/online/qtsdkrepository/linux_x64/desktop/qt5_5152/qt.qt5.5152.debug_info.gcc_64/5.15.2-0-202011130601qtwebengine-Linux-RHEL_7_6-GCC-Linux-RHEL_7_6-X86_64-debug-symbols.7z.sha256
2024-01-21 13:44:27,693 - aqt.helper - INFO - helper 140318190098240 Downloading qtwebglplugin...
2024-01-21 13:44:27,694 - aqt.installer - DEBUG - installer 140318190098240 Download URL: https://qt-mirror.dannhauer.de/online/qtsdkrepository/linux_x64/desktop/qt5_5152/qt.qt5.5152.debug_info.gcc_64/5.15.2-0-202011130601qtwebglplugin-Linux-RHEL_7_6-GCC-Linux-RHEL_7_6-X86_64-debug-symbols.7z
2024-01-21 13:44:27,874 - aqt.helper - INFO - helper 139647753144128 Downloading qtwebengine...
2024-01-21 13:44:27,875 - aqt.installer - DEBUG - installer 139647753144128 Download URL: https://qt-mirror.dannhauer.de/online/qtsdkrepository/linux_x64/desktop/qt5_5152/qt.qt5.5152.debug_info.gcc_64/5.15.2-0-202011130601qtwebengine-Linux-RHEL_7_6-GCC-Linux-RHEL_7_6-X86_64-debug-symbols.7z
2024-01-21 13:44:30,480 - aqt.installer - INFO - installer 140318190098240 Finished installation of qtwebglplugin-Linux-RHEL_7_6-GCC-Linux-RHEL_7_6-X86_64-debug-symbols.7z in 3.46758428
2024-01-21 13:44:30,507 - aqt.helper - DEBUG - helper 140318190098240 Attempt to download checksum at https://download.qt.io/online/qtsdkrepository/linux_x64/desktop/qt5_5152/qt.qt5.5152.debug_info.gcc_64/5.15.2-0-202011130601qtlottie-Linux-RHEL_7_6-GCC-Linux-RHEL_7_6-X86_64-debug-symbols.7z.sha256
2024-01-21 13:44:31,250 - aqt.helper - INFO - helper 140318190098240 Downloading qtlottie...
2024-01-21 13:44:31,250 - aqt.installer - DEBUG - installer 140318190098240 Download URL: https://qt-mirror.dannhauer.de/online/qtsdkrepository/linux_x64/desktop/qt5_5152/qt.qt5.5152.debug_info.gcc_64/5.15.2-0-202011130601qtlottie-Linux-RHEL_7_6-GCC-Linux-RHEL_7_6-X86_64-debug-symbols.7z
2024-01-21 13:44:31,698 - aqt.installer - INFO - installer 140451413837632 Finished installation of qtwayland-Linux-RHEL_7_6-GCC-Linux-RHEL_7_6-X86_64-debug-symbols.7z in 19.48891784
2024-01-21 13:44:31,721 - aqt.helper - DEBUG - helper 140451413837632 Attempt to download checksum at https://download.qt.io/online/qtsdkrepository/linux_x64/desktop/qt5_5152/qt.qt5.5152.debug_info.gcc_64/5.15.2-0-202011130601qtcharts-Linux-RHEL_7_6-GCC-Linux-RHEL_7_6-X86_64-debug-symbols.7z.sha256
2024-01-21 13:44:32,465 - aqt.helper - INFO - helper 140451413837632 Downloading qtcharts...
2024-01-21 13:44:32,466 - aqt.installer - DEBUG - installer 140451413837632 Download URL: https://qt-mirror.dannhauer.de/online/qtsdkrepository/linux_x64/desktop/qt5_5152/qt.qt5.5152.debug_info.gcc_64/5.15.2-0-202011130601qtcharts-Linux-RHEL_7_6-GCC-Linux-RHEL_7_6-X86_64-debug-symbols.7z
2024-01-21 13:44:33,647 - aqt.installer - INFO - installer 140318190098240 Finished installation of qtlottie-Linux-RHEL_7_6-GCC-Linux-RHEL_7_6-X86_64-debug-symbols.7z in 3.14383409
2024-01-21 13:44:33,674 - aqt.helper - DEBUG - helper 140318190098240 Attempt to download checksum at https://download.qt.io/online/qtsdkrepository/linux_x64/desktop/qt5_5152/qt.qt5.5152.debug_info.gcc_64/5.15.2-0-202011130601qtquick3d-Linux-RHEL_7_6-GCC-Linux-RHEL_7_6-X86_64-debug-symbols.7z.sha256
2024-01-21 13:44:34,373 - aqt.helper - INFO - helper 140318190098240 Downloading qtquick3d...
2024-01-21 13:44:34,374 - aqt.installer - DEBUG - installer 140318190098240 Download URL: https://qt-mirror.dannhauer.de/online/qtsdkrepository/linux_x64/desktop/qt5_5152/qt.qt5.5152.debug_info.gcc_64/5.15.2-0-202011130601qtquick3d-Linux-RHEL_7_6-GCC-Linux-RHEL_7_6-X86_64-debug-symbols.7z
2024-01-21 13:44:37,163 - aqt.installer - INFO - installer 140451413837632 Finished installation of qtcharts-Linux-RHEL_7_6-GCC-Linux-RHEL_7_6-X86_64-debug-symbols.7z in 5.44640261
2024-01-21 13:44:37,193 - aqt.helper - DEBUG - helper 140451413837632 Attempt to download checksum at https://download.qt.io/online/qtsdkrepository/linux_x64/desktop/qt5_5152/qt.qt5.5152.gcc_64/5.15.2-0-202011130601qtmultimedia-Linux-RHEL_7_6-GCC-Linux-RHEL_7_6-X86_64.7z.sha256
2024-01-21 13:44:37,952 - aqt.helper - INFO - helper 140451413837632 Downloading qtmultimedia...
2024-01-21 13:44:37,953 - aqt.installer - DEBUG - installer 140451413837632 Download URL: https://qt-mirror.dannhauer.de/online/qtsdkrepository/linux_x64/desktop/qt5_5152/qt.qt5.5152.gcc_64/5.15.2-0-202011130601qtmultimedia-Linux-RHEL_7_6-GCC-Linux-RHEL_7_6-X86_64.7z
2024-01-21 13:44:39,679 - aqt.installer - INFO - installer 140451413837632 Finished installation of qtmultimedia-Linux-RHEL_7_6-GCC-Linux-RHEL_7_6-X86_64.7z in 2.49075613
2024-01-21 13:44:39,707 - aqt.helper - DEBUG - helper 140451413837632 Attempt to download checksum at https://download.qt.io/online/qtsdkrepository/linux_x64/desktop/qt5_5152/qt.qt5.5152.gcc_64/5.15.2-0-202011130601qttranslations-Linux-RHEL_7_6-GCC-Linux-RHEL_7_6-X86_64.7z.sha256
2024-01-21 13:44:40,053 - aqt.installer - INFO - installer 140376899147584 Finished installation of qtbase-Linux-RHEL_7_6-GCC-Linux-RHEL_7_6-X86_64.7z in 18.35286178
2024-01-21 13:44:40,109 - aqt.helper - DEBUG - helper 140376899147584 Attempt to download checksum at https://download.qt.io/online/qtsdkrepository/linux_x64/desktop/qt5_5152/qt.qt5.5152.gcc_64/5.15.2-0-202011130601qtconnectivity-Linux-RHEL_7_6-GCC-Linux-RHEL_7_6-X86_64.7z.sha256
2024-01-21 13:44:40,379 - aqt.helper - INFO - helper 140451413837632 Downloading qttranslations...
2024-01-21 13:44:40,380 - aqt.installer - DEBUG - installer 140451413837632 Download URL: https://qt-mirror.dannhauer.de/online/qtsdkrepository/linux_x64/desktop/qt5_5152/qt.qt5.5152.gcc_64/5.15.2-0-202011130601qttranslations-Linux-RHEL_7_6-GCC-Linux-RHEL_7_6-X86_64.7z
2024-01-21 13:44:40,847 - aqt.helper - INFO - helper 140376899147584 Downloading qtconnectivity...
2024-01-21 13:44:40,849 - aqt.installer - DEBUG - installer 140376899147584 Download URL: https://qt-mirror.dannhauer.de/online/qtsdkrepository/linux_x64/desktop/qt5_5152/qt.qt5.5152.gcc_64/5.15.2-0-202011130601qtconnectivity-Linux-RHEL_7_6-GCC-Linux-RHEL_7_6-X86_64.7z
2024-01-21 13:44:43,594 - aqt.installer - INFO - installer 140376899147584 Finished installation of qtconnectivity-Linux-RHEL_7_6-GCC-Linux-RHEL_7_6-X86_64.7z in 3.48963795
2024-01-21 13:44:43,622 - aqt.helper - DEBUG - helper 140376899147584 Attempt to download checksum at https://download.qt.io/online/qtsdkrepository/linux_x64/desktop/qt5_5152/qt.qt5.5152.gcc_64/5.15.2-0-202011130601qtx11extras-Linux-RHEL_7_6-GCC-Linux-RHEL_7_6-X86_64.7z.sha256
2024-01-21 13:44:43,812 - aqt.installer - INFO - installer 140451413837632 Finished installation of qttranslations-Linux-RHEL_7_6-GCC-Linux-RHEL_7_6-X86_64.7z in 4.10876900
2024-01-21 13:44:43,839 - aqt.helper - DEBUG - helper 140451413837632 Attempt to download checksum at https://download.qt.io/online/qtsdkrepository/linux_x64/desktop/qt5_5152/qt.qt5.5152.gcc_64/5.15.2-0-202011130601qtgraphicaleffects-Linux-RHEL_7_6-GCC-Linux-RHEL_7_6-X86_64.7z.sha256
2024-01-21 13:44:44,299 - aqt.helper - INFO - helper 140376899147584 Downloading qtx11extras...
2024-01-21 13:44:44,301 - aqt.installer - DEBUG - installer 140376899147584 Download URL: https://qt-mirror.dannhauer.de/online/qtsdkrepository/linux_x64/desktop/qt5_5152/qt.qt5.5152.gcc_64/5.15.2-0-202011130601qtx11extras-Linux-RHEL_7_6-GCC-Linux-RHEL_7_6-X86_64.7z
2024-01-21 13:44:44,519 - aqt.helper - INFO - helper 140451413837632 Downloading qtgraphicaleffects...
2024-01-21 13:44:44,519 - aqt.installer - DEBUG - installer 140451413837632 Download URL: https://qt-mirror.dannhauer.de/online/qtsdkrepository/linux_x64/desktop/qt5_5152/qt.qt5.5152.gcc_64/5.15.2-0-202011130601qtgraphicaleffects-Linux-RHEL_7_6-GCC-Linux-RHEL_7_6-X86_64.7z
2024-01-21 13:44:44,744 - aqt.installer - INFO - installer 140318190098240 Finished installation of qtquick3d-Linux-RHEL_7_6-GCC-Linux-RHEL_7_6-X86_64-debug-symbols.7z in 11.07407085
2024-01-21 13:44:44,774 - aqt.helper - DEBUG - helper 140318190098240 Attempt to download checksum at https://download.qt.io/online/qtsdkrepository/linux_x64/desktop/qt5_5152/qt.qt5.5152.gcc_64/5.15.2-0-202011130601qtwebsockets-Linux-RHEL_7_6-GCC-Linux-RHEL_7_6-X86_64.7z.sha256
2024-01-21 13:44:45,070 - aqt.installer - INFO - installer 140376899147584 Finished installation of qtx11extras-Linux-RHEL_7_6-GCC-Linux-RHEL_7_6-X86_64.7z in 1.45232612
2024-01-21 13:44:45,126 - aqt.helper - DEBUG - helper 140376899147584 Attempt to download checksum at https://download.qt.io/online/qtsdkrepository/linux_x64/desktop/qt5_5152/qt.qt5.5152.gcc_64/5.15.2-0-202011130601qtwebchannel-Linux-RHEL_7_6-GCC-Linux-RHEL_7_6-X86_64.7z.sha256
2024-01-21 13:44:45,454 - aqt.installer - INFO - installer 140451413837632 Finished installation of qtgraphicaleffects-Linux-RHEL_7_6-GCC-Linux-RHEL_7_6-X86_64.7z in 1.61916033
2024-01-21 13:44:45,482 - aqt.helper - DEBUG - helper 140451413837632 Attempt to download checksum at https://download.qt.io/online/qtsdkrepository/linux_x64/desktop/qt5_5152/qt.qt5.5152.gcc_64/5.15.2-0-202011130601qtsvg-Linux-RHEL_7_6-GCC-Linux-RHEL_7_6-X86_64.7z.sha256
2024-01-21 13:44:45,516 - aqt.helper - INFO - helper 140318190098240 Downloading qtwebsockets...
2024-01-21 13:44:45,518 - aqt.installer - DEBUG - installer 140318190098240 Download URL: https://qt-mirror.dannhauer.de/online/qtsdkrepository/linux_x64/desktop/qt5_5152/qt.qt5.5152.gcc_64/5.15.2-0-202011130601qtwebsockets-Linux-RHEL_7_6-GCC-Linux-RHEL_7_6-X86_64.7z
2024-01-21 13:44:45,866 - aqt.helper - INFO - helper 140376899147584 Downloading qtwebchannel...
2024-01-21 13:44:45,867 - aqt.installer - DEBUG - installer 140376899147584 Download URL: https://qt-mirror.dannhauer.de/online/qtsdkrepository/linux_x64/desktop/qt5_5152/qt.qt5.5152.gcc_64/5.15.2-0-202011130601qtwebchannel-Linux-RHEL_7_6-GCC-Linux-RHEL_7_6-X86_64.7z
2024-01-21 13:44:46,246 - aqt.helper - INFO - helper 140451413837632 Downloading qtsvg...
2024-01-21 13:44:46,249 - aqt.installer - DEBUG - installer 140451413837632 Download URL: https://qt-mirror.dannhauer.de/online/qtsdkrepository/linux_x64/desktop/qt5_5152/qt.qt5.5152.gcc_64/5.15.2-0-202011130601qtsvg-Linux-RHEL_7_6-GCC-Linux-RHEL_7_6-X86_64.7z
2024-01-21 13:44:46,477 - aqt.installer - INFO - installer 140318190098240 Finished installation of qtwebsockets-Linux-RHEL_7_6-GCC-Linux-RHEL_7_6-X86_64.7z in 1.70753279
2024-01-21 13:44:46,505 - aqt.helper - DEBUG - helper 140318190098240 Attempt to download checksum at https://download.qt.io/online/qtsdkrepository/linux_x64/desktop/qt5_5152/qt.qt5.5152.gcc_64/5.15.2-0-202011130601qtimageformats-Linux-RHEL_7_6-GCC-Linux-RHEL_7_6-X86_64.7z.sha256
2024-01-21 13:44:46,780 - aqt.installer - INFO - installer 140376899147584 Finished installation of qtwebchannel-Linux-RHEL_7_6-GCC-Linux-RHEL_7_6-X86_64.7z in 1.65915275
2024-01-21 13:44:46,809 - aqt.helper - DEBUG - helper 140376899147584 Attempt to download checksum at https://download.qt.io/online/qtsdkrepository/linux_x64/desktop/qt5_5152/qt.qt5.5152.gcc_64/5.15.2-0-202011130601qtserialport-Linux-RHEL_7_6-GCC-Linux-RHEL_7_6-X86_64.7z.sha256
2024-01-21 13:44:47,185 - aqt.helper - INFO - helper 140318190098240 Downloading qtimageformats...
2024-01-21 13:44:47,186 - aqt.installer - DEBUG - installer 140318190098240 Download URL: https://qt-mirror.dannhauer.de/online/qtsdkrepository/linux_x64/desktop/qt5_5152/qt.qt5.5152.gcc_64/5.15.2-0-202011130601qtimageformats-Linux-RHEL_7_6-GCC-Linux-RHEL_7_6-X86_64.7z
2024-01-21 13:44:47,364 - aqt.installer - INFO - installer 140451413837632 Finished installation of qtsvg-Linux-RHEL_7_6-GCC-Linux-RHEL_7_6-X86_64.7z in 1.88634804
2024-01-21 13:44:47,391 - aqt.helper - DEBUG - helper 140451413837632 Attempt to download checksum at https://download.qt.io/online/qtsdkrepository/linux_x64/desktop/qt5_5152/qt.qt5.5152.gcc_64/5.15.2-0-202011130601qtdeclarative-Linux-RHEL_7_6-GCC-Linux-RHEL_7_6-X86_64.7z.sha256
2024-01-21 13:44:47,490 - aqt.helper - INFO - helper 140376899147584 Downloading qtserialport...
2024-01-21 13:44:47,492 - aqt.installer - DEBUG - installer 140376899147584 Download URL: https://qt-mirror.dannhauer.de/online/qtsdkrepository/linux_x64/desktop/qt5_5152/qt.qt5.5152.gcc_64/5.15.2-0-202011130601qtserialport-Linux-RHEL_7_6-GCC-Linux-RHEL_7_6-X86_64.7z
2024-01-21 13:44:48,070 - aqt.helper - INFO - helper 140451413837632 Downloading qtdeclarative...
2024-01-21 13:44:48,071 - aqt.installer - DEBUG - installer 140451413837632 Download URL: https://qt-mirror.dannhauer.de/online/qtsdkrepository/linux_x64/desktop/qt5_5152/qt.qt5.5152.gcc_64/5.15.2-0-202011130601qtdeclarative-Linux-RHEL_7_6-GCC-Linux-RHEL_7_6-X86_64.7z
2024-01-21 13:44:48,414 - aqt.installer - INFO - installer 140376899147584 Finished installation of qtserialport-Linux-RHEL_7_6-GCC-Linux-RHEL_7_6-X86_64.7z in 1.60975604
2024-01-21 13:44:48,442 - aqt.helper - DEBUG - helper 140376899147584 Attempt to download checksum at https://download.qt.io/online/qtsdkrepository/linux_x64/desktop/qt5_5152/qt.qt5.5152.gcc_64/5.15.2-0-202011130601qtlocation-Linux-RHEL_7_6-GCC-Linux-RHEL_7_6-X86_64.7z.sha256
2024-01-21 13:44:48,462 - aqt.installer - INFO - installer 140318190098240 Finished installation of qtimageformats-Linux-RHEL_7_6-GCC-Linux-RHEL_7_6-X86_64.7z in 1.96133457
2024-01-21 13:44:48,489 - aqt.helper - DEBUG - helper 140318190098240 Attempt to download checksum at https://download.qt.io/online/qtsdkrepository/linux_x64/desktop/qt5_5152/qt.qt5.5152.gcc_64/5.15.2-0-202011130601qttools-Linux-RHEL_7_6-GCC-Linux-RHEL_7_6-X86_64.7z.sha256
2024-01-21 13:44:49,158 - aqt.helper - INFO - helper 140318190098240 Downloading qttools...
2024-01-21 13:44:49,159 - aqt.installer - DEBUG - installer 140318190098240 Download URL: https://qt-mirror.dannhauer.de/online/qtsdkrepository/linux_x64/desktop/qt5_5152/qt.qt5.5152.gcc_64/5.15.2-0-202011130601qttools-Linux-RHEL_7_6-GCC-Linux-RHEL_7_6-X86_64.7z
2024-01-21 13:44:49,178 - aqt.helper - INFO - helper 140376899147584 Downloading qtlocation...
2024-01-21 13:44:49,180 - aqt.installer - DEBUG - installer 140376899147584 Download URL: https://qt-mirror.dannhauer.de/online/qtsdkrepository/linux_x64/desktop/qt5_5152/qt.qt5.5152.gcc_64/5.15.2-0-202011130601qtlocation-Linux-RHEL_7_6-GCC-Linux-RHEL_7_6-X86_64.7z
2024-01-21 13:44:52,047 - aqt.installer - INFO - installer 140376899147584 Finished installation of qtlocation-Linux-RHEL_7_6-GCC-Linux-RHEL_7_6-X86_64.7z in 3.60994582
2024-01-21 13:44:52,075 - aqt.helper - DEBUG - helper 140376899147584 Attempt to download checksum at https://download.qt.io/online/qtsdkrepository/linux_x64/desktop/qt5_5152/qt.qt5.5152.gcc_64/5.15.2-0-202011130601qtquickcontrols-Linux-RHEL_7_6-GCC-Linux-RHEL_7_6-X86_64.7z.sha256
2024-01-21 13:44:52,761 - aqt.helper - INFO - helper 140376899147584 Downloading qtquickcontrols...
2024-01-21 13:44:52,763 - aqt.installer - DEBUG - installer 140376899147584 Download URL: https://qt-mirror.dannhauer.de/online/qtsdkrepository/linux_x64/desktop/qt5_5152/qt.qt5.5152.gcc_64/5.15.2-0-202011130601qtquickcontrols-Linux-RHEL_7_6-GCC-Linux-RHEL_7_6-X86_64.7z
2024-01-21 13:44:53,417 - aqt.installer - INFO - installer 140451413837632 Finished installation of qtdeclarative-Linux-RHEL_7_6-GCC-Linux-RHEL_7_6-X86_64.7z in 6.03097527
2024-01-21 13:44:53,464 - aqt.helper - DEBUG - helper 140451413837632 Attempt to download checksum at https://download.qt.io/online/qtsdkrepository/linux_x64/desktop/qt5_5152/qt.qt5.5152.gcc_64/5.15.2-0-202011130601qtwebview-Linux-RHEL_7_6-GCC-Linux-RHEL_7_6-X86_64.7z.sha256
2024-01-21 13:44:54,223 - aqt.helper - INFO - helper 140451413837632 Downloading qtwebview...
2024-01-21 13:44:54,225 - aqt.installer - DEBUG - installer 140451413837632 Download URL: https://qt-mirror.dannhauer.de/online/qtsdkrepository/linux_x64/desktop/qt5_5152/qt.qt5.5152.gcc_64/5.15.2-0-202011130601qtwebview-Linux-RHEL_7_6-GCC-Linux-RHEL_7_6-X86_64.7z
2024-01-21 13:44:54,603 - aqt.installer - INFO - installer 140376899147584 Finished installation of qtquickcontrols-Linux-RHEL_7_6-GCC-Linux-RHEL_7_6-X86_64.7z in 2.53154161
2024-01-21 13:44:54,632 - aqt.helper - DEBUG - helper 140376899147584 Attempt to download checksum at https://download.qt.io/online/qtsdkrepository/linux_x64/desktop/qt5_5152/qt.qt5.5152.gcc_64/5.15.2-0-202011130601qtquickcontrols2-Linux-RHEL_7_6-GCC-Linux-RHEL_7_6-X86_64.7z.sha256
2024-01-21 13:44:55,169 - aqt.installer - INFO - installer 140451413837632 Finished installation of qtwebview-Linux-RHEL_7_6-GCC-Linux-RHEL_7_6-X86_64.7z in 1.70974723
2024-01-21 13:44:55,196 - aqt.helper - DEBUG - helper 140451413837632 Attempt to download checksum at https://download.qt.io/online/qtsdkrepository/linux_x64/desktop/qt5_5152/qt.qt5.5152.gcc_64/5.15.2-0-202011130601qtserialbus-Linux-RHEL_7_6-GCC-Linux-RHEL_7_6-X86_64.7z.sha256
2024-01-21 13:44:55,303 - aqt.helper - INFO - helper 140376899147584 Downloading qtquickcontrols2...
2024-01-21 13:44:55,493 - aqt.installer - DEBUG - installer 140376899147584 Download URL: https://qt-mirror.dannhauer.de/online/qtsdkrepository/linux_x64/desktop/qt5_5152/qt.qt5.5152.gcc_64/5.15.2-0-202011130601qtquickcontrols2-Linux-RHEL_7_6-GCC-Linux-RHEL_7_6-X86_64.7z
2024-01-21 13:44:56,169 - aqt.helper - INFO - helper 140451413837632 Downloading qtserialbus...
2024-01-21 13:44:56,171 - aqt.installer - DEBUG - installer 140451413837632 Download URL: https://qt-mirror.dannhauer.de/online/qtsdkrepository/linux_x64/desktop/qt5_5152/qt.qt5.5152.gcc_64/5.15.2-0-202011130601qtserialbus-Linux-RHEL_7_6-GCC-Linux-RHEL_7_6-X86_64.7z
2024-01-21 13:44:57,336 - aqt.installer - INFO - installer 140451413837632 Finished installation of qtserialbus-Linux-RHEL_7_6-GCC-Linux-RHEL_7_6-X86_64.7z in 2.14446583
2024-01-21 13:44:57,394 - aqt.helper - DEBUG - helper 140451413837632 Attempt to download checksum at https://download.qt.io/online/qtsdkrepository/linux_x64/desktop/qt5_5152/qt.qt5.5152.gcc_64/5.15.2-0-202011130601qtscxml-Linux-RHEL_7_6-GCC-Linux-RHEL_7_6-X86_64.7z.sha256
2024-01-21 13:44:57,685 - aqt.installer - INFO - installer 140376899147584 Finished installation of qtquickcontrols2-Linux-RHEL_7_6-GCC-Linux-RHEL_7_6-X86_64.7z in 3.05782584
2024-01-21 13:44:57,714 - aqt.helper - DEBUG - helper 140376899147584 Attempt to download checksum at https://download.qt.io/online/qtsdkrepository/linux_x64/desktop/qt5_5152/qt.qt5.5152.gcc_64/5.15.2-0-202011130601qt3d-Linux-RHEL_7_6-GCC-Linux-RHEL_7_6-X86_64.7z.sha256
2024-01-21 13:44:58,136 - aqt.helper - INFO - helper 140451413837632 Downloading qtscxml...
2024-01-21 13:44:58,138 - aqt.installer - DEBUG - installer 140451413837632 Download URL: https://qt-mirror.dannhauer.de/online/qtsdkrepository/linux_x64/desktop/qt5_5152/qt.qt5.5152.gcc_64/5.15.2-0-202011130601qtscxml-Linux-RHEL_7_6-GCC-Linux-RHEL_7_6-X86_64.7z
2024-01-21 13:44:58,386 - aqt.helper - INFO - helper 140376899147584 Downloading qt3d...
2024-01-21 13:44:58,387 - aqt.installer - DEBUG - installer 140376899147584 Download URL: https://qt-mirror.dannhauer.de/online/qtsdkrepository/linux_x64/desktop/qt5_5152/qt.qt5.5152.gcc_64/5.15.2-0-202011130601qt3d-Linux-RHEL_7_6-GCC-Linux-RHEL_7_6-X86_64.7z
2024-01-21 13:44:59,023 - aqt.installer - INFO - installer 140318190098240 Finished installation of qttools-Linux-RHEL_7_6-GCC-Linux-RHEL_7_6-X86_64.7z in 10.53823255
2024-01-21 13:44:59,063 - aqt.helper - DEBUG - helper 140318190098240 Attempt to download checksum at https://download.qt.io/online/qtsdkrepository/linux_x64/desktop/qt5_5152/qt.qt5.5152.gcc_64/5.15.2-0-202011130601qtxmlpatterns-Linux-RHEL_7_6-GCC-Linux-RHEL_7_6-X86_64.7z.sha256
2024-01-21 13:44:59,440 - aqt.installer - INFO - installer 140451413837632 Finished installation of qtscxml-Linux-RHEL_7_6-GCC-Linux-RHEL_7_6-X86_64.7z in 2.04966282
2024-01-21 13:44:59,468 - aqt.helper - DEBUG - helper 140451413837632 Attempt to download checksum at https://download.qt.io/online/qtsdkrepository/linux_x64/desktop/qt5_5152/qt.qt5.5152.gcc_64/5.15.2-0-202011130601qtgamepad-Linux-RHEL_7_6-GCC-Linux-RHEL_7_6-X86_64.7z.sha256
2024-01-21 13:44:59,752 - aqt.helper - INFO - helper 140318190098240 Downloading qtxmlpatterns...
2024-01-21 13:44:59,752 - aqt.installer - DEBUG - installer 140318190098240 Download URL: https://qt-mirror.dannhauer.de/online/qtsdkrepository/linux_x64/desktop/qt5_5152/qt.qt5.5152.gcc_64/5.15.2-0-202011130601qtxmlpatterns-Linux-RHEL_7_6-GCC-Linux-RHEL_7_6-X86_64.7z
2024-01-21 13:45:00,146 - aqt.helper - INFO - helper 140451413837632 Downloading qtgamepad...
2024-01-21 13:45:00,148 - aqt.installer - DEBUG - installer 140451413837632 Download URL: https://qt-mirror.dannhauer.de/online/qtsdkrepository/linux_x64/desktop/qt5_5152/qt.qt5.5152.gcc_64/5.15.2-0-202011130601qtgamepad-Linux-RHEL_7_6-GCC-Linux-RHEL_7_6-X86_64.7z
2024-01-21 13:45:01,118 - aqt.installer - INFO - installer 140451413837632 Finished installation of qtgamepad-Linux-RHEL_7_6-GCC-Linux-RHEL_7_6-X86_64.7z in 1.65377858
2024-01-21 13:45:01,170 - aqt.helper - DEBUG - helper 140451413837632 Attempt to download checksum at https://download.qt.io/online/qtsdkrepository/linux_x64/desktop/qt5_5152/qt.qt5.5152.gcc_64/5.15.2-0-202011130601qtspeech-Linux-RHEL_7_6-GCC-Linux-RHEL_7_6-X86_64.7z.sha256
2024-01-21 13:45:01,795 - aqt.installer - INFO - installer 140376899147584 Finished installation of qt3d-Linux-RHEL_7_6-GCC-Linux-RHEL_7_6-X86_64.7z in 4.08526521
2024-01-21 13:45:01,825 - aqt.installer - INFO - installer 140318190098240 Finished installation of qtxmlpatterns-Linux-RHEL_7_6-GCC-Linux-RHEL_7_6-X86_64.7z in 2.76602173
2024-01-21 13:45:01,828 - aqt.helper - DEBUG - helper 140376899147584 Attempt to download checksum at https://download.qt.io/online/qtsdkrepository/linux_x64/desktop/qt5_5152/qt.qt5.5152.gcc_64/5.15.2-0-202011130601qtwayland-Linux-RHEL_7_6-GCC-Linux-RHEL_7_6-X86_64.7z.sha256
2024-01-21 13:45:01,841 - aqt.helper - INFO - helper 140451413837632 Downloading qtspeech...
2024-01-21 13:45:01,842 - aqt.installer - DEBUG - installer 140451413837632 Download URL: https://qt-mirror.dannhauer.de/online/qtsdkrepository/linux_x64/desktop/qt5_5152/qt.qt5.5152.gcc_64/5.15.2-0-202011130601qtspeech-Linux-RHEL_7_6-GCC-Linux-RHEL_7_6-X86_64.7z
2024-01-21 13:45:01,853 - aqt.helper - DEBUG - helper 140318190098240 Attempt to download checksum at https://download.qt.io/online/qtsdkrepository/linux_x64/desktop/qt5_5152/qt.qt5.5152.gcc_64/5.15.2-0-202011130601qtsensors-Linux-RHEL_7_6-GCC-Linux-RHEL_7_6-X86_64.7z.sha256
2024-01-21 13:45:02,495 - aqt.helper - INFO - helper 140376899147584 Downloading qtwayland...
2024-01-21 13:45:02,496 - aqt.installer - DEBUG - installer 140376899147584 Download URL: https://qt-mirror.dannhauer.de/online/qtsdkrepository/linux_x64/desktop/qt5_5152/qt.qt5.5152.gcc_64/5.15.2-0-202011130601qtwayland-Linux-RHEL_7_6-GCC-Linux-RHEL_7_6-X86_64.7z
2024-01-21 13:45:02,590 - aqt.helper - INFO - helper 140318190098240 Downloading qtsensors...
2024-01-21 13:45:02,592 - aqt.installer - DEBUG - installer 140318190098240 Download URL: https://qt-mirror.dannhauer.de/online/qtsdkrepository/linux_x64/desktop/qt5_5152/qt.qt5.5152.gcc_64/5.15.2-0-202011130601qtsensors-Linux-RHEL_7_6-GCC-Linux-RHEL_7_6-X86_64.7z
2024-01-21 13:45:02,626 - aqt.installer - INFO - installer 140451413837632 Finished installation of qtspeech-Linux-RHEL_7_6-GCC-Linux-RHEL_7_6-X86_64.7z in 1.46191639
2024-01-21 13:45:03,766 - aqt.installer - INFO - installer 140318190098240 Finished installation of qtsensors-Linux-RHEL_7_6-GCC-Linux-RHEL_7_6-X86_64.7z in 1.91743631
2024-01-21 13:45:04,068 - aqt.installer - INFO - installer 140376899147584 Finished installation of qtwayland-Linux-RHEL_7_6-GCC-Linux-RHEL_7_6-X86_64.7z in 2.24403480
2024-01-21 13:45:04,101 - aqt.helper - DEBUG - helper 140376899147584 Attempt to download checksum at https://download.qt.io/online/qtsdkrepository/linux_x64/desktop/qt5_5152/qt.qt5.5152.gcc_64/5.15.2-0-202011130601qtremoteobjects-Linux-RHEL_7_6-GCC-Linux-RHEL_7_6-X86_64.7z.sha256
2024-01-21 13:45:04,784 - aqt.helper - INFO - helper 140376899147584 Downloading qtremoteobjects...
2024-01-21 13:45:04,785 - aqt.installer - DEBUG - installer 140376899147584 Download URL: https://qt-mirror.dannhauer.de/online/qtsdkrepository/linux_x64/desktop/qt5_5152/qt.qt5.5152.gcc_64/5.15.2-0-202011130601qtremoteobjects-Linux-RHEL_7_6-GCC-Linux-RHEL_7_6-X86_64.7z
2024-01-21 13:45:06,206 - aqt.installer - INFO - installer 140376899147584 Finished installation of qtremoteobjects-Linux-RHEL_7_6-GCC-Linux-RHEL_7_6-X86_64.7z in 2.10922708
2024-01-21 13:45:06,267 - aqt.helper - DEBUG - helper 140376899147584 Attempt to download checksum at https://download.qt.io/online/qtsdkrepository/linux_x64/desktop/qt5_5152/qt.qt5.5152.gcc_64/5.15.2-0-202011130601icu-linux-Rhel7.2-x64.7z.sha256
2024-01-21 13:45:07,287 - aqt.helper - INFO - helper 140376899147584 Downloading icu...
2024-01-21 13:45:07,288 - aqt.installer - DEBUG - installer 140376899147584 Download URL: https://qt-mirror.dannhauer.de/online/qtsdkrepository/linux_x64/desktop/qt5_5152/qt.qt5.5152.gcc_64/5.15.2-0-202011130601icu-linux-Rhel7.2-x64.7z
2024-01-21 13:45:10,818 - aqt.installer - INFO - installer 140376899147584 Finished installation of icu-linux-Rhel7.2-x64.7z in 4.55791870
2024-01-21 13:45:10,846 - aqt.helper - DEBUG - helper 140376899147584 Attempt to download checksum at https://download.qt.io/online/qtsdkrepository/linux_x64/desktop/qt5_5152/qt.qt5.5152.qtcharts.gcc_64/5.15.2-0-202011130601qtcharts-Linux-RHEL_7_6-GCC-Linux-RHEL_7_6-X86_64.7z.sha256
2024-01-21 13:45:11,537 - aqt.helper - INFO - helper 140376899147584 Downloading qtcharts...
2024-01-21 13:45:11,537 - aqt.installer - DEBUG - installer 140376899147584 Download URL: https://qt-mirror.dannhauer.de/online/qtsdkrepository/linux_x64/desktop/qt5_5152/qt.qt5.5152.qtcharts.gcc_64/5.15.2-0-202011130601qtcharts-Linux-RHEL_7_6-GCC-Linux-RHEL_7_6-X86_64.7z
2024-01-21 13:45:13,307 - aqt.installer - INFO - installer 140376899147584 Finished installation of qtcharts-Linux-RHEL_7_6-GCC-Linux-RHEL_7_6-X86_64.7z in 2.46530945
2024-01-21 13:45:13,379 - aqt.helper - DEBUG - helper 140376899147584 Attempt to download checksum at https://download.qt.io/online/qtsdkrepository/linux_x64/desktop/qt5_5152/qt.qt5.5152.qtwebengine.gcc_64/5.15.2-0-202011130601qtwebengine-Linux-RHEL_7_6-GCC-Linux-RHEL_7_6-X86_64.7z.sha256
2024-01-21 13:45:14,046 - aqt.helper - INFO - helper 140376899147584 Downloading qtwebengine...
2024-01-21 13:45:14,047 - aqt.installer - DEBUG - installer 140376899147584 Download URL: https://qt-mirror.dannhauer.de/online/qtsdkrepository/linux_x64/desktop/qt5_5152/qt.qt5.5152.qtwebengine.gcc_64/5.15.2-0-202011130601qtwebengine-Linux-RHEL_7_6-GCC-Linux-RHEL_7_6-X86_64.7z
2024-01-21 13:45:29,714 - aqt.installer - INFO - installer 140376899147584 Finished installation of qtwebengine-Linux-RHEL_7_6-GCC-Linux-RHEL_7_6-X86_64.7z in 16.34109599
2024-01-21 13:45:46,453 - aqt.installer - INFO - installer 139647753144128 Finished installation of qtwebengine-Linux-RHEL_7_6-GCC-Linux-RHEL_7_6-X86_64-debug-symbols.7z in 79.32997212
2024-01-21 13:45:46,481 - aqt.helper - DEBUG - helper 139647753144128 Attempt to download checksum at https://download.qt.io/online/qtsdkrepository/linux_x64/desktop/qt5_5152/qt.qt5.5152.debug_info.gcc_64/5.15.2-0-202011130601qtremoteobjects-Linux-RHEL_7_6-GCC-Linux-RHEL_7_6-X86_64-debug-symbols.7z.sha256
2024-01-21 13:45:47,215 - aqt.helper - INFO - helper 139647753144128 Downloading qtremoteobjects...
2024-01-21 13:45:47,215 - aqt.installer - DEBUG - installer 139647753144128 Download URL: https://qt-mirror.dannhauer.de/online/qtsdkrepository/linux_x64/desktop/qt5_5152/qt.qt5.5152.debug_info.gcc_64/5.15.2-0-202011130601qtremoteobjects-Linux-RHEL_7_6-GCC-Linux-RHEL_7_6-X86_64-debug-symbols.7z
2024-01-21 13:45:49,803 - aqt.installer - INFO - installer 139647753144128 Finished installation of qtremoteobjects-Linux-RHEL_7_6-GCC-Linux-RHEL_7_6-X86_64-debug-symbols.7z in 3.32701373
2024-01-21 13:45:50,094 - aqt.updater - INFO - updater 140498184386368 Patching /root/Qt/5.15.2/gcc_64/bin/qmake
2024-01-21 13:45:50,160 - aqt.updater - INFO - updater 140498184386368 Patching /root/Qt/5.15.2/gcc_64/lib/pkgconfig/Qt5QmlModels.pc
2024-01-21 13:45:50,161 - aqt.updater - INFO - updater 140498184386368 Patching /root/Qt/5.15.2/gcc_64/lib/pkgconfig/Qt53DExtras.pc
2024-01-21 13:45:50,162 - aqt.updater - INFO - updater 140498184386368 Patching /root/Qt/5.15.2/gcc_64/lib/pkgconfig/Qt5Charts.pc
2024-01-21 13:45:50,162 - aqt.updater - INFO - updater 140498184386368 Patching /root/Qt/5.15.2/gcc_64/lib/pkgconfig/Qt5Sql.pc
2024-01-21 13:45:50,162 - aqt.updater - INFO - updater 140498184386368 Patching /root/Qt/5.15.2/gcc_64/lib/pkgconfig/Qt5Widgets.pc
2024-01-21 13:45:50,163 - aqt.updater - INFO - updater 140498184386368 Patching /root/Qt/5.15.2/gcc_64/lib/pkgconfig/Qt5Svg.pc
2024-01-21 13:45:50,163 - aqt.updater - INFO - updater 140498184386368 Patching /root/Qt/5.15.2/gcc_64/lib/pkgconfig/Qt5SerialPort.pc
2024-01-21 13:45:50,163 - aqt.updater - INFO - updater 140498184386368 Patching /root/Qt/5.15.2/gcc_64/lib/pkgconfig/Qt5WebEngineCore.pc
2024-01-21 13:45:50,164 - aqt.updater - INFO - updater 140498184386368 Patching /root/Qt/5.15.2/gcc_64/lib/pkgconfig/Qt5OpenGL.pc
2024-01-21 13:45:50,164 - aqt.updater - INFO - updater 140498184386368 Patching /root/Qt/5.15.2/gcc_64/lib/pkgconfig/Qt5DBus.pc
2024-01-21 13:45:50,164 - aqt.updater - INFO - updater 140498184386368 Patching /root/Qt/5.15.2/gcc_64/lib/pkgconfig/Qt5XmlPatterns.pc
2024-01-21 13:45:50,165 - aqt.updater - INFO - updater 140498184386368 Patching /root/Qt/5.15.2/gcc_64/lib/pkgconfig/Qt53DQuickAnimation.pc
2024-01-21 13:45:50,165 - aqt.updater - INFO - updater 140498184386368 Patching /root/Qt/5.15.2/gcc_64/lib/pkgconfig/Qt5Xml.pc
2024-01-21 13:45:50,165 - aqt.updater - INFO - updater 140498184386368 Patching /root/Qt/5.15.2/gcc_64/lib/pkgconfig/Qt5Gui.pc
2024-01-21 13:45:50,166 - aqt.updater - INFO - updater 140498184386368 Patching /root/Qt/5.15.2/gcc_64/lib/pkgconfig/Qt5MultimediaWidgets.pc
2024-01-21 13:45:50,166 - aqt.updater - INFO - updater 140498184386368 Patching /root/Qt/5.15.2/gcc_64/lib/pkgconfig/Qt5QuickControls2.pc
2024-01-21 13:45:50,166 - aqt.updater - INFO - updater 140498184386368 Patching /root/Qt/5.15.2/gcc_64/lib/pkgconfig/Qt5WebSockets.pc
2024-01-21 13:45:50,167 - aqt.updater - INFO - updater 140498184386368 Patching /root/Qt/5.15.2/gcc_64/lib/pkgconfig/Qt53DQuickScene2D.pc
2024-01-21 13:45:50,167 - aqt.updater - INFO - updater 140498184386368 Patching /root/Qt/5.15.2/gcc_64/lib/pkgconfig/Qt5RemoteObjects.pc
2024-01-21 13:45:50,167 - aqt.updater - INFO - updater 140498184386368 Patching /root/Qt/5.15.2/gcc_64/lib/pkgconfig/Qt5Nfc.pc
2024-01-21 13:45:50,168 - aqt.updater - INFO - updater 140498184386368 Patching /root/Qt/5.15.2/gcc_64/lib/pkgconfig/Qt5OpenGLExtensions.pc
2024-01-21 13:45:50,168 - aqt.updater - INFO - updater 140498184386368 Patching /root/Qt/5.15.2/gcc_64/lib/pkgconfig/Qt5TextToSpeech.pc
2024-01-21 13:45:50,168 - aqt.updater - INFO - updater 140498184386368 Patching /root/Qt/5.15.2/gcc_64/lib/pkgconfig/Qt5UiTools.pc
2024-01-21 13:45:50,169 - aqt.updater - INFO - updater 140498184386368 Patching /root/Qt/5.15.2/gcc_64/lib/pkgconfig/Qt5WebView.pc
2024-01-21 13:45:50,169 - aqt.updater - INFO - updater 140498184386368 Patching /root/Qt/5.15.2/gcc_64/lib/pkgconfig/Qt5PositioningQuick.pc
2024-01-21 13:45:50,169 - aqt.updater - INFO - updater 140498184386368 Patching /root/Qt/5.15.2/gcc_64/lib/pkgconfig/Qt5Test.pc
2024-01-21 13:45:50,170 - aqt.updater - INFO - updater 140498184386368 Patching /root/Qt/5.15.2/gcc_64/lib/pkgconfig/Qt5Multimedia.pc
2024-01-21 13:45:50,170 - aqt.updater - INFO - updater 140498184386368 Patching /root/Qt/5.15.2/gcc_64/lib/pkgconfig/Qt5QuickWidgets.pc
2024-01-21 13:45:50,170 - aqt.updater - INFO - updater 140498184386368 Patching /root/Qt/5.15.2/gcc_64/lib/pkgconfig/Qt5QmlWorkerScript.pc
2024-01-21 13:45:50,171 - aqt.updater - INFO - updater 140498184386368 Patching /root/Qt/5.15.2/gcc_64/lib/pkgconfig/Qt5RepParser.pc
2024-01-21 13:45:50,171 - aqt.updater - INFO - updater 140498184386368 Patching /root/Qt/5.15.2/gcc_64/lib/pkgconfig/Qt5WaylandClient.pc
2024-01-21 13:45:50,171 - aqt.updater - INFO - updater 140498184386368 Patching /root/Qt/5.15.2/gcc_64/lib/pkgconfig/Qt5Gamepad.pc
2024-01-21 13:45:50,172 - aqt.updater - INFO - updater 140498184386368 Patching /root/Qt/5.15.2/gcc_64/lib/pkgconfig/Qt53DInput.pc
2024-01-21 13:45:50,172 - aqt.updater - INFO - updater 140498184386368 Patching /root/Qt/5.15.2/gcc_64/lib/pkgconfig/Qt53DQuickRender.pc
2024-01-21 13:45:50,172 - aqt.updater - INFO - updater 140498184386368 Patching /root/Qt/5.15.2/gcc_64/lib/pkgconfig/Qt5Bluetooth.pc
2024-01-21 13:45:50,173 - aqt.updater - INFO - updater 140498184386368 Patching /root/Qt/5.15.2/gcc_64/lib/pkgconfig/Qt5Scxml.pc
2024-01-21 13:45:50,173 - aqt.updater - INFO - updater 140498184386368 Patching /root/Qt/5.15.2/gcc_64/lib/pkgconfig/Qt53DRender.pc
2024-01-21 13:45:50,173 - aqt.updater - INFO - updater 140498184386368 Patching /root/Qt/5.15.2/gcc_64/lib/pkgconfig/Qt5Concurrent.pc
2024-01-21 13:45:50,174 - aqt.updater - INFO - updater 140498184386368 Patching /root/Qt/5.15.2/gcc_64/lib/pkgconfig/Qt53DLogic.pc
2024-01-21 13:45:50,174 - aqt.updater - INFO - updater 140498184386368 Patching /root/Qt/5.15.2/gcc_64/lib/pkgconfig/Qt5X11Extras.pc
2024-01-21 13:45:50,174 - aqt.updater - INFO - updater 140498184386368 Patching /root/Qt/5.15.2/gcc_64/lib/pkgconfig/Qt5Sensors.pc
2024-01-21 13:45:50,175 - aqt.updater - INFO - updater 140498184386368 Patching /root/Qt/5.15.2/gcc_64/lib/pkgconfig/Qt5Designer.pc
2024-01-21 13:45:50,175 - aqt.updater - INFO - updater 140498184386368 Patching /root/Qt/5.15.2/gcc_64/lib/pkgconfig/Qt53DQuickExtras.pc
2024-01-21 13:45:50,175 - aqt.updater - INFO - updater 140498184386368 Patching /root/Qt/5.15.2/gcc_64/lib/pkgconfig/Qt5Location.pc
2024-01-21 13:45:50,175 - aqt.updater - INFO - updater 140498184386368 Patching /root/Qt/5.15.2/gcc_64/lib/pkgconfig/Qt5SerialBus.pc
2024-01-21 13:45:50,176 - aqt.updater - INFO - updater 140498184386368 Patching /root/Qt/5.15.2/gcc_64/lib/pkgconfig/Qt5PrintSupport.pc
2024-01-21 13:45:50,176 - aqt.updater - INFO - updater 140498184386368 Patching /root/Qt/5.15.2/gcc_64/lib/pkgconfig/Qt5Help.pc
2024-01-21 13:45:50,176 - aqt.updater - INFO - updater 140498184386368 Patching /root/Qt/5.15.2/gcc_64/lib/pkgconfig/Qt5Quick.pc
2024-01-21 13:45:50,177 - aqt.updater - INFO - updater 140498184386368 Patching /root/Qt/5.15.2/gcc_64/lib/pkgconfig/Qt5QuickTest.pc
2024-01-21 13:45:50,177 - aqt.updater - INFO - updater 140498184386368 Patching /root/Qt/5.15.2/gcc_64/lib/pkgconfig/Qt5Core.pc
2024-01-21 13:45:50,177 - aqt.updater - INFO - updater 140498184386368 Patching /root/Qt/5.15.2/gcc_64/lib/pkgconfig/Qt53DQuick.pc
2024-01-21 13:45:50,178 - aqt.updater - INFO - updater 140498184386368 Patching /root/Qt/5.15.2/gcc_64/lib/pkgconfig/Qt5Network.pc
2024-01-21 13:45:50,178 - aqt.updater - INFO - updater 140498184386368 Patching /root/Qt/5.15.2/gcc_64/lib/pkgconfig/Qt5Qml.pc
2024-01-21 13:45:50,178 - aqt.updater - INFO - updater 140498184386368 Patching /root/Qt/5.15.2/gcc_64/lib/pkgconfig/Qt5Positioning.pc
2024-01-21 13:45:50,179 - aqt.updater - INFO - updater 140498184386368 Patching /root/Qt/5.15.2/gcc_64/lib/pkgconfig/Qt5QuickTemplates2.pc
2024-01-21 13:45:50,179 - aqt.updater - INFO - updater 140498184386368 Patching /root/Qt/5.15.2/gcc_64/lib/pkgconfig/Qt5UiPlugin.pc
2024-01-21 13:45:50,179 - aqt.updater - INFO - updater 140498184386368 Patching /root/Qt/5.15.2/gcc_64/lib/pkgconfig/Qt53DAnimation.pc
2024-01-21 13:45:50,180 - aqt.updater - INFO - updater 140498184386368 Patching /root/Qt/5.15.2/gcc_64/lib/pkgconfig/Qt53DQuickInput.pc
2024-01-21 13:45:50,180 - aqt.updater - INFO - updater 140498184386368 Patching /root/Qt/5.15.2/gcc_64/lib/pkgconfig/Qt5WebEngineWidgets.pc
2024-01-21 13:45:50,180 - aqt.updater - INFO - updater 140498184386368 Patching /root/Qt/5.15.2/gcc_64/lib/pkgconfig/Qt53DCore.pc
2024-01-21 13:45:50,181 - aqt.updater - INFO - updater 140498184386368 Patching /root/Qt/5.15.2/gcc_64/lib/pkgconfig/Qt5WebEngine.pc
2024-01-21 13:45:50,181 - aqt.updater - INFO - updater 140498184386368 Patching /root/Qt/5.15.2/gcc_64/lib/pkgconfig/Qt5WebChannel.pc
2024-01-21 13:45:50,183 - aqt.updater - INFO - updater 140498184386368 Patching /root/Qt/5.15.2/gcc_64/lib/libQt5WebEngineWidgets.la
2024-01-21 13:45:50,184 - aqt.updater - INFO - updater 140498184386368 Patching /root/Qt/5.15.2/gcc_64/lib/libQt5Sensors.la
2024-01-21 13:45:50,187 - aqt.updater - INFO - updater 140498184386368 Patching /root/Qt/5.15.2/gcc_64/lib/libQt5Xml.la
2024-01-21 13:45:50,188 - aqt.updater - INFO - updater 140498184386368 Patching /root/Qt/5.15.2/gcc_64/lib/libQt53DQuickScene2D.la
2024-01-21 13:45:50,189 - aqt.updater - INFO - updater 140498184386368 Patching /root/Qt/5.15.2/gcc_64/lib/libQt5WebChannel.la
2024-01-21 13:45:50,190 - aqt.updater - INFO - updater 140498184386368 Patching /root/Qt/5.15.2/gcc_64/lib/libQt5Test.la
2024-01-21 13:45:50,191 - aqt.updater - INFO - updater 140498184386368 Patching /root/Qt/5.15.2/gcc_64/lib/libQt5Location.la
2024-01-21 13:45:50,192 - aqt.updater - INFO - updater 140498184386368 Patching /root/Qt/5.15.2/gcc_64/lib/libQt5WebSockets.la
2024-01-21 13:45:50,193 - aqt.updater - INFO - updater 140498184386368 Patching /root/Qt/5.15.2/gcc_64/lib/libQt53DQuickInput.la
2024-01-21 13:45:50,194 - aqt.updater - INFO - updater 140498184386368 Patching /root/Qt/5.15.2/gcc_64/lib/libQt53DCore.la
2024-01-21 13:45:50,195 - aqt.updater - INFO - updater 140498184386368 Patching /root/Qt/5.15.2/gcc_64/lib/libQt5WebEngine.la
2024-01-21 13:45:50,196 - aqt.updater - INFO - updater 140498184386368 Patching /root/Qt/5.15.2/gcc_64/lib/Qt5UiPlugin.la
2024-01-21 13:45:50,197 - aqt.updater - INFO - updater 140498184386368 Patching /root/Qt/5.15.2/gcc_64/lib/libQt53DRender.la
2024-01-21 13:45:50,198 - aqt.updater - INFO - updater 140498184386368 Patching /root/Qt/5.15.2/gcc_64/lib/libQt5LinuxAccessibilitySupport.la
2024-01-21 13:45:50,199 - aqt.updater - INFO - updater 140498184386368 Patching /root/Qt/5.15.2/gcc_64/lib/libQt5WaylandClient.la
2024-01-21 13:45:50,200 - aqt.updater - INFO - updater 140498184386368 Patching /root/Qt/5.15.2/gcc_64/lib/libQt53DInput.la
2024-01-21 13:45:50,201 - aqt.updater - INFO - updater 140498184386368 Patching /root/Qt/5.15.2/gcc_64/lib/libQt5QuickTemplates2.la
2024-01-21 13:45:50,202 - aqt.updater - INFO - updater 140498184386368 Patching /root/Qt/5.15.2/gcc_64/lib/libQt5AccessibilitySupport.la
2024-01-21 13:45:50,203 - aqt.updater - INFO - updater 140498184386368 Patching /root/Qt/5.15.2/gcc_64/lib/libQt5Bluetooth.la
2024-01-21 13:45:50,204 - aqt.updater - INFO - updater 140498184386368 Patching /root/Qt/5.15.2/gcc_64/lib/libQt53DQuickAnimation.la
2024-01-21 13:45:50,204 - aqt.updater - INFO - updater 140498184386368 Patching /root/Qt/5.15.2/gcc_64/lib/libQt5RemoteObjects.la
2024-01-21 13:45:50,205 - aqt.updater - INFO - updater 140498184386368 Patching /root/Qt/5.15.2/gcc_64/lib/libQt5QuickTest.la
2024-01-21 13:45:50,206 - aqt.updater - INFO - updater 140498184386368 Patching /root/Qt/5.15.2/gcc_64/lib/libQt5UiTools.la
2024-01-21 13:45:50,207 - aqt.updater - INFO - updater 140498184386368 Patching /root/Qt/5.15.2/gcc_64/lib/libQt5Positioning.la
2024-01-21 13:45:50,208 - aqt.updater - INFO - updater 140498184386368 Patching /root/Qt/5.15.2/gcc_64/lib/libQt5KmsSupport.la
2024-01-21 13:45:50,209 - aqt.updater - INFO - updater 140498184386368 Patching /root/Qt/5.15.2/gcc_64/lib/libQt5OpenGL.la
2024-01-21 13:45:50,210 - aqt.updater - INFO - updater 140498184386368 Patching /root/Qt/5.15.2/gcc_64/lib/libQt5DeviceDiscoverySupport.la
2024-01-21 13:45:50,212 - aqt.updater - INFO - updater 140498184386368 Patching /root/Qt/5.15.2/gcc_64/lib/libQt5DesignerComponents.la
2024-01-21 13:45:50,213 - aqt.updater - INFO - updater 140498184386368 Patching /root/Qt/5.15.2/gcc_64/lib/libQt5Quick.la
2024-01-21 13:45:50,214 - aqt.updater - INFO - updater 140498184386368 Patching /root/Qt/5.15.2/gcc_64/lib/libQt5Charts.la
2024-01-21 13:45:50,215 - aqt.updater - INFO - updater 140498184386368 Patching /root/Qt/5.15.2/gcc_64/lib/libQt5Core.la
2024-01-21 13:45:50,216 - aqt.updater - INFO - updater 140498184386368 Patching /root/Qt/5.15.2/gcc_64/lib/libQt5Widgets.la
2024-01-21 13:45:50,217 - aqt.updater - INFO - updater 140498184386368 Patching /root/Qt/5.15.2/gcc_64/lib/libQt5QuickShapes.la
2024-01-21 13:45:50,218 - aqt.updater - INFO - updater 140498184386368 Patching /root/Qt/5.15.2/gcc_64/lib/libQt5WebEngineCore.la
2024-01-21 13:45:50,219 - aqt.updater - INFO - updater 140498184386368 Patching /root/Qt/5.15.2/gcc_64/lib/libQt5Multimedia.la
2024-01-21 13:45:50,220 - aqt.updater - INFO - updater 140498184386368 Patching /root/Qt/5.15.2/gcc_64/lib/libQt5QmlDebug.la
2024-01-21 13:45:50,221 - aqt.updater - INFO - updater 140498184386368 Patching /root/Qt/5.15.2/gcc_64/lib/libQt5QuickControls2.la
2024-01-21 13:45:50,222 - aqt.updater - INFO - updater 140498184386368 Patching /root/Qt/5.15.2/gcc_64/lib/libQt5XcbQpa.la
2024-01-21 13:45:50,223 - aqt.updater - INFO - updater 140498184386368 Patching /root/Qt/5.15.2/gcc_64/lib/libQt5WebView.la
2024-01-21 13:45:50,224 - aqt.updater - INFO - updater 140498184386368 Patching /root/Qt/5.15.2/gcc_64/lib/libQt5EglSupport.la
2024-01-21 13:45:50,225 - aqt.updater - INFO - updater 140498184386368 Patching /root/Qt/5.15.2/gcc_64/lib/libQt53DQuick.la
2024-01-21 13:45:50,225 - aqt.updater - INFO - updater 140498184386368 Patching /root/Qt/5.15.2/gcc_64/lib/libQt53DAnimation.la
2024-01-21 13:45:50,226 - aqt.updater - INFO - updater 140498184386368 Patching /root/Qt/5.15.2/gcc_64/lib/libQt5OpenGLExtensions.la
2024-01-21 13:45:50,227 - aqt.updater - INFO - updater 140498184386368 Patching /root/Qt/5.15.2/gcc_64/lib/libQt5SerialBus.la
2024-01-21 13:45:50,228 - aqt.updater - INFO - updater 140498184386368 Patching /root/Qt/5.15.2/gcc_64/lib/libQt5EventDispatcherSupport.la
2024-01-21 13:45:50,229 - aqt.updater - INFO - updater 140498184386368 Patching /root/Qt/5.15.2/gcc_64/lib/libQt5QmlDevTools.la
2024-01-21 13:45:50,230 - aqt.updater - INFO - updater 140498184386368 Patching /root/Qt/5.15.2/gcc_64/lib/libQt5DBus.la
2024-01-21 13:45:50,231 - aqt.updater - INFO - updater 140498184386368 Patching /root/Qt/5.15.2/gcc_64/lib/libQt5PacketProtocol.la
2024-01-21 13:45:50,232 - aqt.updater - INFO - updater 140498184386368 Patching /root/Qt/5.15.2/gcc_64/lib/libQt5XkbCommonSupport.la
2024-01-21 13:45:50,233 - aqt.updater - INFO - updater 140498184386368 Patching /root/Qt/5.15.2/gcc_64/lib/libQt5QuickParticles.la
2024-01-21 13:45:50,234 - aqt.updater - INFO - updater 140498184386368 Patching /root/Qt/5.15.2/gcc_64/lib/libQt5Scxml.la
2024-01-21 13:45:50,235 - aqt.updater - INFO - updater 140498184386368 Patching /root/Qt/5.15.2/gcc_64/lib/libQt53DExtras.la
2024-01-21 13:45:50,236 - aqt.updater - INFO - updater 140498184386368 Patching /root/Qt/5.15.2/gcc_64/lib/libQt5MultimediaWidgets.la
2024-01-21 13:45:50,237 - aqt.updater - INFO - updater 140498184386368 Patching /root/Qt/5.15.2/gcc_64/lib/libQt5InputSupport.la
2024-01-21 13:45:50,238 - aqt.updater - INFO - updater 140498184386368 Patching /root/Qt/5.15.2/gcc_64/lib/libQt5X11Extras.la
2024-01-21 13:45:50,239 - aqt.updater - INFO - updater 140498184386368 Patching /root/Qt/5.15.2/gcc_64/lib/libQt5PrintSupport.la
2024-01-21 13:45:50,240 - aqt.updater - INFO - updater 140498184386368 Patching /root/Qt/5.15.2/gcc_64/lib/libQt5EglFsKmsSupport.la
2024-01-21 13:45:50,241 - aqt.updater - INFO - updater 140498184386368 Patching /root/Qt/5.15.2/gcc_64/lib/libQt5SerialPort.la
2024-01-21 13:45:50,242 - aqt.updater - INFO - updater 140498184386368 Patching /root/Qt/5.15.2/gcc_64/lib/libQt5Qml.la
2024-01-21 13:45:50,243 - aqt.updater - INFO - updater 140498184386368 Patching /root/Qt/5.15.2/gcc_64/lib/libQt5PlatformCompositorSupport.la
2024-01-21 13:45:50,244 - aqt.updater - INFO - updater 140498184386368 Patching /root/Qt/5.15.2/gcc_64/lib/libQt5QmlModels.la
2024-01-21 13:45:50,245 - aqt.updater - INFO - updater 140498184386368 Patching /root/Qt/5.15.2/gcc_64/lib/libQt5TextToSpeech.la
2024-01-21 13:45:50,245 - aqt.updater - INFO - updater 140498184386368 Patching /root/Qt/5.15.2/gcc_64/lib/libQt5ServiceSupport.la
2024-01-21 13:45:50,246 - aqt.updater - INFO - updater 140498184386368 Patching /root/Qt/5.15.2/gcc_64/lib/libQt5Gamepad.la
2024-01-21 13:45:50,247 - aqt.updater - INFO - updater 140498184386368 Patching /root/Qt/5.15.2/gcc_64/lib/libQt5VulkanSupport.la
2024-01-21 13:45:50,248 - aqt.updater - INFO - updater 140498184386368 Patching /root/Qt/5.15.2/gcc_64/lib/libQt5Gui.la
2024-01-21 13:45:50,249 - aqt.updater - INFO - updater 140498184386368 Patching /root/Qt/5.15.2/gcc_64/lib/libQt5FbSupport.la
2024-01-21 13:45:50,250 - aqt.updater - INFO - updater 140498184386368 Patching /root/Qt/5.15.2/gcc_64/lib/libQt5QmlWorkerScript.la
2024-01-21 13:45:50,251 - aqt.updater - INFO - updater 140498184386368 Patching /root/Qt/5.15.2/gcc_64/lib/Qt5RepParser.la
2024-01-21 13:45:50,252 - aqt.updater - INFO - updater 140498184386368 Patching /root/Qt/5.15.2/gcc_64/lib/libQt5GlxSupport.la
2024-01-21 13:45:50,253 - aqt.updater - INFO - updater 140498184386368 Patching /root/Qt/5.15.2/gcc_64/lib/libQt5MultimediaGstTools.la
2024-01-21 13:45:50,254 - aqt.updater - INFO - updater 140498184386368 Patching /root/Qt/5.15.2/gcc_64/lib/libQt5MultimediaQuick.la
2024-01-21 13:45:50,255 - aqt.updater - INFO - updater 140498184386368 Patching /root/Qt/5.15.2/gcc_64/lib/libQt5XmlPatterns.la
2024-01-21 13:45:50,256 - aqt.updater - INFO - updater 140498184386368 Patching /root/Qt/5.15.2/gcc_64/lib/libQt5Designer.la
2024-01-21 13:45:50,257 - aqt.updater - INFO - updater 140498184386368 Patching /root/Qt/5.15.2/gcc_64/lib/libQt5Sql.la
2024-01-21 13:45:50,258 - aqt.updater - INFO - updater 140498184386368 Patching /root/Qt/5.15.2/gcc_64/lib/libQt5PositioningQuick.la
2024-01-21 13:45:50,259 - aqt.updater - INFO - updater 140498184386368 Patching /root/Qt/5.15.2/gcc_64/lib/libQt5Bootstrap.la
2024-01-21 13:45:50,260 - aqt.updater - INFO - updater 140498184386368 Patching /root/Qt/5.15.2/gcc_64/lib/libQt5EdidSupport.la
2024-01-21 13:45:50,261 - aqt.updater - INFO - updater 140498184386368 Patching /root/Qt/5.15.2/gcc_64/lib/libQt5FontDatabaseSupport.la
2024-01-21 13:45:50,262 - aqt.updater - INFO - updater 140498184386368 Patching /root/Qt/5.15.2/gcc_64/lib/libQt5ThemeSupport.la
2024-01-21 13:45:50,263 - aqt.updater - INFO - updater 140498184386368 Patching /root/Qt/5.15.2/gcc_64/lib/libQt53DQuickExtras.la
2024-01-21 13:45:50,264 - aqt.updater - INFO - updater 140498184386368 Patching /root/Qt/5.15.2/gcc_64/lib/libQt53DQuickRender.la
2024-01-21 13:45:50,265 - aqt.updater - INFO - updater 140498184386368 Patching /root/Qt/5.15.2/gcc_64/lib/libQt5Network.la
2024-01-21 13:45:50,266 - aqt.updater - INFO - updater 140498184386368 Patching /root/Qt/5.15.2/gcc_64/lib/libQt53DLogic.la
2024-01-21 13:45:50,267 - aqt.updater - INFO - updater 140498184386368 Patching /root/Qt/5.15.2/gcc_64/lib/libQt5Concurrent.la
2024-01-21 13:45:50,268 - aqt.updater - INFO - updater 140498184386368 Patching /root/Qt/5.15.2/gcc_64/lib/Qt5WebEngineCore.la
2024-01-21 13:45:50,269 - aqt.updater - INFO - updater 140498184386368 Patching /root/Qt/5.15.2/gcc_64/lib/libQt5EglFSDeviceIntegration.la
2024-01-21 13:45:50,270 - aqt.updater - INFO - updater 140498184386368 Patching /root/Qt/5.15.2/gcc_64/lib/libQt5Help.la
2024-01-21 13:45:50,271 - aqt.updater - INFO - updater 140498184386368 Patching /root/Qt/5.15.2/gcc_64/lib/libQt5Svg.la
2024-01-21 13:45:50,272 - aqt.updater - INFO - updater 140498184386368 Patching /root/Qt/5.15.2/gcc_64/lib/libQt5QuickWidgets.la
2024-01-21 13:45:50,273 - aqt.updater - INFO - updater 140498184386368 Patching /root/Qt/5.15.2/gcc_64/lib/libQt5Nfc.la
2024-01-21 13:45:50,274 - aqt.main - INFO - installer 140498184386368 Finished installation
2024-01-21 13:45:50,274 - aqt.main - INFO - installer 140498184386368 Time elapsed: 165.07698030 second
